<?xml version="1.0" encoding="UTF-8"?>
<!-- Generated by org.testng.reporters.JUnitXMLReporter -->
<testsuite ignored="0" hostname="IAmTheKing" failures="1" tests="1" name="Default test" time="13.932" errors="0" timestamp="2025-09-27T17:41:12 PST">
  <testcase classname="tests.DatacomBugsFormTestCountry" name="testCountryDropdownOptions" time="3.497">
    <failure type="java.lang.AssertionError" message="The following asserts failed:
	Invalid country: Select a country...,
	Invalid country: American Samoa,
	Invalid country: Anguilla,
	Invalid country: Antigua &amp;amp; Barbuda,
	Invalid country: Aruba,
	Invalid country: Bermuda,
	Invalid country: Bonaire,
	Invalid country: Bosnia &amp;amp; Herzegovina,
	Invalid country: British Indian Ocean Ter,
	Invalid country: Canary Islands,
	Invalid country: Cape Verde,
	Invalid country: Cayman Islands,
	Invalid country: Channel Islands,
	Invalid country: Christmas Island,
	Invalid country: Cocos Island,
	Invalid country: Congo,
	Invalid country: Cook Islands,
	Invalid country: Cote DIvoire,
	Invalid country: Curacao,
	Invalid country: Czech Republic,
	Invalid country: East Timor,
	Invalid country: Falkland Islands,
	Invalid country: Faroe Islands,
	Invalid country: French Guiana,
	Invalid country: French Polynesia,
	Invalid country: French Southern Ter,
	Invalid country: Gibraltar,
	Invalid country: Great Britain,
	Invalid country: Greenland,
	Invalid country: Guadeloupe,
	Invalid country: Guam,
	Invalid country: Hawaii,
	Invalid country: Hong Kong,
	Invalid country: Isle of Man,
	Invalid country: Korea North,
	Invalid country: Korea South,
	Invalid country: Macau,
	Invalid country: Macedonia,
	Invalid country: Martinique,
	Invalid country: Mayotte,
	Invalid country: Midway Islands,
	Invalid country: Montserrat,
	Invalid country: Myanmar,
	Invalid country: Nambia,
	Invalid country: Netherland Antilles,
	Invalid country: Netherlands (Holland, Europe),
	Invalid country: Nevis,
	Invalid country: New Caledonia,
	Invalid country: Niue,
	Invalid country: Norfolk Island,
	Invalid country: Palau Island,
	Invalid country: Palestine,
	Invalid country: Pitcairn Island,
	Invalid country: Puerto Rico,
	Invalid country: Republic of Montenegro,
	Invalid country: Republic of Serbia,
	Invalid country: Reunion,
	Invalid country: St Barthelemy,
	Invalid country: St Eustatius,
	Invalid country: St Helena,
	Invalid country: St Kitts-Nevis,
	Invalid country: St Lucia,
	Invalid country: St Maarten,
	Invalid country: St Pierre &amp;amp; Miquelon,
	Invalid country: St Vincent &amp;amp; Grenadines,
	Invalid country: Saipan,
	Invalid country: Samoa American,
	Invalid country: Sao Tome &amp;amp; Principe,
	Invalid country: Swaziland,
	Invalid country: Tahiti,
	Invalid country: Taiwan,
	Invalid country: Tokelau,
	Invalid country: Trinidad &amp;amp; Tobago,
	Invalid country: Turks &amp;amp; Caicos Is,
	Invalid country: Vatican City State,
	Invalid country: Virgin Islands (Brit),
	Invalid country: Virgin Islands (USA),
	Invalid country: Wake Island,
	Invalid country: Wallis &amp;amp; Futana Is,
	Invalid country: Zaire">
      <![CDATA[java.lang.AssertionError: The following asserts failed:
Invalid country: Select a country...,
Invalid country: American Samoa,
Invalid country: Anguilla,
Invalid country: Antigua & Barbuda,
Invalid country: Aruba,
Invalid country: Bermuda,
Invalid country: Bonaire,
Invalid country: Bosnia & Herzegovina,
Invalid country: British Indian Ocean Ter,
Invalid country: Canary Islands,
Invalid country: Cape Verde,
Invalid country: Cayman Islands,
Invalid country: Channel Islands,
Invalid country: Christmas Island,
Invalid country: Cocos Island,
Invalid country: Congo,
Invalid country: Cook Islands,
Invalid country: Cote DIvoire,
Invalid country: Curacao,
Invalid country: Czech Republic,
Invalid country: East Timor,
Invalid country: Falkland Islands,
Invalid country: Faroe Islands,
Invalid country: French Guiana,
Invalid country: French Polynesia,
Invalid country: French Southern Ter,
Invalid country: Gibraltar,
Invalid country: Great Britain,
Invalid country: Greenland,
Invalid country: Guadeloupe,
Invalid country: Guam,
Invalid country: Hawaii,
Invalid country: Hong Kong,
Invalid country: Isle of Man,
Invalid country: Korea North,
Invalid country: Korea South,
Invalid country: Macau,
Invalid country: Macedonia,
Invalid country: Martinique,
Invalid country: Mayotte,
Invalid country: Midway Islands,
Invalid country: Montserrat,
Invalid country: Myanmar,
Invalid country: Nambia,
Invalid country: Netherland Antilles,
Invalid country: Netherlands (Holland, Europe),
Invalid country: Nevis,
Invalid country: New Caledonia,
Invalid country: Niue,
Invalid country: Norfolk Island,
Invalid country: Palau Island,
Invalid country: Palestine,
Invalid country: Pitcairn Island,
Invalid country: Puerto Rico,
Invalid country: Republic of Montenegro,
Invalid country: Republic of Serbia,
Invalid country: Reunion,
Invalid country: St Barthelemy,
Invalid country: St Eustatius,
Invalid country: St Helena,
Invalid country: St Kitts-Nevis,
Invalid country: St Lucia,
Invalid country: St Maarten,
Invalid country: St Pierre & Miquelon,
Invalid country: St Vincent & Grenadines,
Invalid country: Saipan,
Invalid country: Samoa American,
Invalid country: Sao Tome & Principe,
Invalid country: Swaziland,
Invalid country: Tahiti,
Invalid country: Taiwan,
Invalid country: Tokelau,
Invalid country: Trinidad & Tobago,
Invalid country: Turks & Caicos Is,
Invalid country: Vatican City State,
Invalid country: Virgin Islands (Brit),
Invalid country: Virgin Islands (USA),
Invalid country: Wake Island,
Invalid country: Wallis & Futana Is,
Invalid country: Zaire
at org.testng.asserts.SoftAssert.assertAll(SoftAssert.java:46)
at org.testng.asserts.SoftAssert.assertAll(SoftAssert.java:30)
at tests.DatacomBugsFormTestCountry.testCountryDropdownOptions(DatacomBugsFormTestCountry.java:58)
at java.base/jdk.internal.reflect.DirectMethodHandleAccessor.invoke(DirectMethodHandleAccessor.java:103)
at java.base/java.lang.reflect.Method.invoke(Method.java:580)
at org.testng.internal.invokers.MethodInvocationHelper.invokeMethod(MethodInvocationHelper.java:141)
at org.testng.internal.invokers.TestInvoker.invokeMethod(TestInvoker.java:687)
at org.testng.internal.invokers.TestInvoker.invokeTestMethod(TestInvoker.java:230)
at org.testng.internal.invokers.MethodRunner.runInSequence(MethodRunner.java:63)
at org.testng.internal.invokers.TestInvoker$MethodInvocationAgent.invoke(TestInvoker.java:995)
at org.testng.internal.invokers.TestInvoker.invokeTestMethods(TestInvoker.java:203)
at org.testng.internal.invokers.TestMethodWorker.invokeTestMethods(TestMethodWorker.java:154)
at org.testng.internal.invokers.TestMethodWorker.run(TestMethodWorker.java:134)
at java.base/java.util.ArrayList.forEach(ArrayList.java:1596)
at org.testng.TestRunner.privateRun(TestRunner.java:741)
at org.testng.TestRunner.run(TestRunner.java:616)
at org.testng.SuiteRunner.runTest(SuiteRunner.java:421)
at org.testng.SuiteRunner.runSequentially(SuiteRunner.java:413)
at org.testng.SuiteRunner.privateRun(SuiteRunner.java:373)
at org.testng.SuiteRunner.run(SuiteRunner.java:312)
at org.testng.SuiteRunnerWorker.runSuite(SuiteRunnerWorker.java:52)
at org.testng.SuiteRunnerWorker.run(SuiteRunnerWorker.java:95)
at org.testng.TestNG.runSuitesSequentially(TestNG.java:1274)
at org.testng.TestNG.runSuitesLocally(TestNG.java:1208)
at org.testng.TestNG.runSuites(TestNG.java:1112)
at org.testng.TestNG.run(TestNG.java:1079)
at org.testng.remote.AbstractRemoteTestNG.run(AbstractRemoteTestNG.java:115)
at org.testng.remote.RemoteTestNG.initAndRun(RemoteTestNG.java:293)
at org.testng.remote.RemoteTestNG.main(RemoteTestNG.java:91)
]]>
    </failure>
  </testcase> <!-- testCountryDropdownOptions -->
</testsuite> <!-- Default test -->
