<?xml version="1.0" encoding="UTF-8"?>
<!-- Generated by org.testng.reporters.JUnitXMLReporter -->
<testsuite ignored="4" hostname="IAmTheKing" failures="15" tests="18" name="Smoke Testing Suite" time="45.408" errors="0" timestamp="2025-09-27T19:38:19 PST">
  <testcase classname="tests.DatacomBugsFormTestCountry" name="testCountryDropdownOptions" time="3.325">
    <failure type="java.lang.AssertionError" message="The following asserts failed:
	&amp;lt;span style=&amp;apos;color:red;&amp;apos;&amp;gt; Invalid country: American Samoa,
	&amp;lt;span style=&amp;apos;color:red;&amp;apos;&amp;gt; Invalid country: Anguilla,
	&amp;lt;span style=&amp;apos;color:red;&amp;apos;&amp;gt; Invalid country: Antigua &amp;amp; Barbuda,
	&amp;lt;span style=&amp;apos;color:red;&amp;apos;&amp;gt; Invalid country: Aruba,
	&amp;lt;span style=&amp;apos;color:red;&amp;apos;&amp;gt; Invalid country: Bermuda,
	&amp;lt;span style=&amp;apos;color:red;&amp;apos;&amp;gt; Invalid country: Bonaire,
	&amp;lt;span style=&amp;apos;color:red;&amp;apos;&amp;gt; Invalid country: Bosnia &amp;amp; Herzegovina,
	&amp;lt;span style=&amp;apos;color:red;&amp;apos;&amp;gt; Invalid country: British Indian Ocean Ter,
	&amp;lt;span style=&amp;apos;color:red;&amp;apos;&amp;gt; Invalid country: Canary Islands,
	&amp;lt;span style=&amp;apos;color:red;&amp;apos;&amp;gt; Invalid country: Cape Verde,
	&amp;lt;span style=&amp;apos;color:red;&amp;apos;&amp;gt; Invalid country: Cayman Islands,
	&amp;lt;span style=&amp;apos;color:red;&amp;apos;&amp;gt; Invalid country: Channel Islands,
	&amp;lt;span style=&amp;apos;color:red;&amp;apos;&amp;gt; Invalid country: Christmas Island,
	&amp;lt;span style=&amp;apos;color:red;&amp;apos;&amp;gt; Invalid country: Cocos Island,
	&amp;lt;span style=&amp;apos;color:red;&amp;apos;&amp;gt; Invalid country: Congo,
	&amp;lt;span style=&amp;apos;color:red;&amp;apos;&amp;gt; Invalid country: Cook Islands,
	&amp;lt;span style=&amp;apos;color:red;&amp;apos;&amp;gt; Invalid country: Cote DIvoire,
	&amp;lt;span style=&amp;apos;color:red;&amp;apos;&amp;gt; Invalid country: Curacao,
	&amp;lt;span style=&amp;apos;color:red;&amp;apos;&amp;gt; Invalid country: Czech Republic,
	&amp;lt;span style=&amp;apos;color:red;&amp;apos;&amp;gt; Invalid country: East Timor,
	&amp;lt;span style=&amp;apos;color:red;&amp;apos;&amp;gt; Invalid country: Falkland Islands,
	&amp;lt;span style=&amp;apos;color:red;&amp;apos;&amp;gt; Invalid country: Faroe Islands,
	&amp;lt;span style=&amp;apos;color:red;&amp;apos;&amp;gt; Invalid country: French Guiana,
	&amp;lt;span style=&amp;apos;color:red;&amp;apos;&amp;gt; Invalid country: French Polynesia,
	&amp;lt;span style=&amp;apos;color:red;&amp;apos;&amp;gt; Invalid country: French Southern Ter,
	&amp;lt;span style=&amp;apos;color:red;&amp;apos;&amp;gt; Invalid country: Gibraltar,
	&amp;lt;span style=&amp;apos;color:red;&amp;apos;&amp;gt; Invalid country: Great Britain,
	&amp;lt;span style=&amp;apos;color:red;&amp;apos;&amp;gt; Invalid country: Greenland,
	&amp;lt;span style=&amp;apos;color:red;&amp;apos;&amp;gt; Invalid country: Guadeloupe,
	&amp;lt;span style=&amp;apos;color:red;&amp;apos;&amp;gt; Invalid country: Guam,
	&amp;lt;span style=&amp;apos;color:red;&amp;apos;&amp;gt; Invalid country: Hawaii,
	&amp;lt;span style=&amp;apos;color:red;&amp;apos;&amp;gt; Invalid country: Hong Kong,
	&amp;lt;span style=&amp;apos;color:red;&amp;apos;&amp;gt; Invalid country: Isle of Man,
	&amp;lt;span style=&amp;apos;color:red;&amp;apos;&amp;gt; Invalid country: Korea North,
	&amp;lt;span style=&amp;apos;color:red;&amp;apos;&amp;gt; Invalid country: Korea South,
	&amp;lt;span style=&amp;apos;color:red;&amp;apos;&amp;gt; Invalid country: Macau,
	&amp;lt;span style=&amp;apos;color:red;&amp;apos;&amp;gt; Invalid country: Macedonia,
	&amp;lt;span style=&amp;apos;color:red;&amp;apos;&amp;gt; Invalid country: Martinique,
	&amp;lt;span style=&amp;apos;color:red;&amp;apos;&amp;gt; Invalid country: Mayotte,
	&amp;lt;span style=&amp;apos;color:red;&amp;apos;&amp;gt; Invalid country: Midway Islands,
	&amp;lt;span style=&amp;apos;color:red;&amp;apos;&amp;gt; Invalid country: Montserrat,
	&amp;lt;span style=&amp;apos;color:red;&amp;apos;&amp;gt; Invalid country: Myanmar,
	&amp;lt;span style=&amp;apos;color:red;&amp;apos;&amp;gt; Invalid country: Nambia,
	&amp;lt;span style=&amp;apos;color:red;&amp;apos;&amp;gt; Invalid country: Netherland Antilles,
	&amp;lt;span style=&amp;apos;color:red;&amp;apos;&amp;gt; Invalid country: Netherlands (Holland, Europe),
	&amp;lt;span style=&amp;apos;color:red;&amp;apos;&amp;gt; Invalid country: Nevis,
	&amp;lt;span style=&amp;apos;color:red;&amp;apos;&amp;gt; Invalid country: New Caledonia,
	&amp;lt;span style=&amp;apos;color:red;&amp;apos;&amp;gt; Invalid country: Niue,
	&amp;lt;span style=&amp;apos;color:red;&amp;apos;&amp;gt; Invalid country: Norfolk Island,
	&amp;lt;span style=&amp;apos;color:red;&amp;apos;&amp;gt; Invalid country: Palau Island,
	&amp;lt;span style=&amp;apos;color:red;&amp;apos;&amp;gt; Invalid country: Palestine,
	&amp;lt;span style=&amp;apos;color:red;&amp;apos;&amp;gt; Invalid country: Pitcairn Island,
	&amp;lt;span style=&amp;apos;color:red;&amp;apos;&amp;gt; Invalid country: Puerto Rico,
	&amp;lt;span style=&amp;apos;color:red;&amp;apos;&amp;gt; Invalid country: Republic of Montenegro,
	&amp;lt;span style=&amp;apos;color:red;&amp;apos;&amp;gt; Invalid country: Republic of Serbia,
	&amp;lt;span style=&amp;apos;color:red;&amp;apos;&amp;gt; Invalid country: Reunion,
	&amp;lt;span style=&amp;apos;color:red;&amp;apos;&amp;gt; Invalid country: St Barthelemy,
	&amp;lt;span style=&amp;apos;color:red;&amp;apos;&amp;gt; Invalid country: St Eustatius,
	&amp;lt;span style=&amp;apos;color:red;&amp;apos;&amp;gt; Invalid country: St Helena,
	&amp;lt;span style=&amp;apos;color:red;&amp;apos;&amp;gt; Invalid country: St Kitts-Nevis,
	&amp;lt;span style=&amp;apos;color:red;&amp;apos;&amp;gt; Invalid country: St Lucia,
	&amp;lt;span style=&amp;apos;color:red;&amp;apos;&amp;gt; Invalid country: St Maarten,
	&amp;lt;span style=&amp;apos;color:red;&amp;apos;&amp;gt; Invalid country: St Pierre &amp;amp; Miquelon,
	&amp;lt;span style=&amp;apos;color:red;&amp;apos;&amp;gt; Invalid country: St Vincent &amp;amp; Grenadines,
	&amp;lt;span style=&amp;apos;color:red;&amp;apos;&amp;gt; Invalid country: Saipan,
	&amp;lt;span style=&amp;apos;color:red;&amp;apos;&amp;gt; Invalid country: Samoa American,
	&amp;lt;span style=&amp;apos;color:red;&amp;apos;&amp;gt; Invalid country: Sao Tome &amp;amp; Principe,
	&amp;lt;span style=&amp;apos;color:red;&amp;apos;&amp;gt; Invalid country: Swaziland,
	&amp;lt;span style=&amp;apos;color:red;&amp;apos;&amp;gt; Invalid country: Tahiti,
	&amp;lt;span style=&amp;apos;color:red;&amp;apos;&amp;gt; Invalid country: Taiwan,
	&amp;lt;span style=&amp;apos;color:red;&amp;apos;&amp;gt; Invalid country: Tokelau,
	&amp;lt;span style=&amp;apos;color:red;&amp;apos;&amp;gt; Invalid country: Trinidad &amp;amp; Tobago,
	&amp;lt;span style=&amp;apos;color:red;&amp;apos;&amp;gt; Invalid country: Turks &amp;amp; Caicos Is,
	&amp;lt;span style=&amp;apos;color:red;&amp;apos;&amp;gt; Invalid country: Vatican City State,
	&amp;lt;span style=&amp;apos;color:red;&amp;apos;&amp;gt; Invalid country: Virgin Islands (Brit),
	&amp;lt;span style=&amp;apos;color:red;&amp;apos;&amp;gt; Invalid country: Virgin Islands (USA),
	&amp;lt;span style=&amp;apos;color:red;&amp;apos;&amp;gt; Invalid country: Wake Island,
	&amp;lt;span style=&amp;apos;color:red;&amp;apos;&amp;gt; Invalid country: Wallis &amp;amp; Futana Is,
	&amp;lt;span style=&amp;apos;color:red;&amp;apos;&amp;gt; Invalid country: Zaire,
	Missing country: Antigua and Barbuda,
	Missing country: Bosnia and Herzegovina,
	Missing country: Cabo Verde,
	Missing country: Congo (Congo-Brazzaville),
	Missing country: Côte d&amp;apos;Ivoire,
	Missing country: Czechia (Czech Republic),
	Missing country: Democratic Republic of the Congo,
	Missing country: Eswatini (fmr. &amp;quot;&amp;quot;Swaziland&amp;quot;&amp;quot;),
	Missing country: Guinea-Bissau,
	Missing country: Holy See,
	Missing country: Micronesia,
	Missing country: Montenegro,
	Missing country: Myanmar (formerly Burma),
	Missing country: Namibia,
	Missing country: Netherlands,
	Missing country: North Korea,
	Missing country: North Macedonia,
	Missing country: Palau,
	Missing country: Palestine State,
	Missing country: Saint Kitts and Nevis,
	Missing country: Saint Lucia,
	Missing country: Saint Vincent and the Grenadines,
	Missing country: Sao Tome and Principe,
	Missing country: Serbia,
	Missing country: South Korea,
	Missing country: South Sudan,
	Missing country: Timor-Leste,
	Missing country: Trinidad and Tobago">
      <![CDATA[java.lang.AssertionError: The following asserts failed:
<span style='color:red;'> Invalid country: American Samoa,
<span style='color:red;'> Invalid country: Anguilla,
<span style='color:red;'> Invalid country: Antigua & Barbuda,
<span style='color:red;'> Invalid country: Aruba,
<span style='color:red;'> Invalid country: Bermuda,
<span style='color:red;'> Invalid country: Bonaire,
<span style='color:red;'> Invalid country: Bosnia & Herzegovina,
<span style='color:red;'> Invalid country: British Indian Ocean Ter,
<span style='color:red;'> Invalid country: Canary Islands,
<span style='color:red;'> Invalid country: Cape Verde,
<span style='color:red;'> Invalid country: Cayman Islands,
<span style='color:red;'> Invalid country: Channel Islands,
<span style='color:red;'> Invalid country: Christmas Island,
<span style='color:red;'> Invalid country: Cocos Island,
<span style='color:red;'> Invalid country: Congo,
<span style='color:red;'> Invalid country: Cook Islands,
<span style='color:red;'> Invalid country: Cote DIvoire,
<span style='color:red;'> Invalid country: Curacao,
<span style='color:red;'> Invalid country: Czech Republic,
<span style='color:red;'> Invalid country: East Timor,
<span style='color:red;'> Invalid country: Falkland Islands,
<span style='color:red;'> Invalid country: Faroe Islands,
<span style='color:red;'> Invalid country: French Guiana,
<span style='color:red;'> Invalid country: French Polynesia,
<span style='color:red;'> Invalid country: French Southern Ter,
<span style='color:red;'> Invalid country: Gibraltar,
<span style='color:red;'> Invalid country: Great Britain,
<span style='color:red;'> Invalid country: Greenland,
<span style='color:red;'> Invalid country: Guadeloupe,
<span style='color:red;'> Invalid country: Guam,
<span style='color:red;'> Invalid country: Hawaii,
<span style='color:red;'> Invalid country: Hong Kong,
<span style='color:red;'> Invalid country: Isle of Man,
<span style='color:red;'> Invalid country: Korea North,
<span style='color:red;'> Invalid country: Korea South,
<span style='color:red;'> Invalid country: Macau,
<span style='color:red;'> Invalid country: Macedonia,
<span style='color:red;'> Invalid country: Martinique,
<span style='color:red;'> Invalid country: Mayotte,
<span style='color:red;'> Invalid country: Midway Islands,
<span style='color:red;'> Invalid country: Montserrat,
<span style='color:red;'> Invalid country: Myanmar,
<span style='color:red;'> Invalid country: Nambia,
<span style='color:red;'> Invalid country: Netherland Antilles,
<span style='color:red;'> Invalid country: Netherlands (Holland, Europe),
<span style='color:red;'> Invalid country: Nevis,
<span style='color:red;'> Invalid country: New Caledonia,
<span style='color:red;'> Invalid country: Niue,
<span style='color:red;'> Invalid country: Norfolk Island,
<span style='color:red;'> Invalid country: Palau Island,
<span style='color:red;'> Invalid country: Palestine,
<span style='color:red;'> Invalid country: Pitcairn Island,
<span style='color:red;'> Invalid country: Puerto Rico,
<span style='color:red;'> Invalid country: Republic of Montenegro,
<span style='color:red;'> Invalid country: Republic of Serbia,
<span style='color:red;'> Invalid country: Reunion,
<span style='color:red;'> Invalid country: St Barthelemy,
<span style='color:red;'> Invalid country: St Eustatius,
<span style='color:red;'> Invalid country: St Helena,
<span style='color:red;'> Invalid country: St Kitts-Nevis,
<span style='color:red;'> Invalid country: St Lucia,
<span style='color:red;'> Invalid country: St Maarten,
<span style='color:red;'> Invalid country: St Pierre & Miquelon,
<span style='color:red;'> Invalid country: St Vincent & Grenadines,
<span style='color:red;'> Invalid country: Saipan,
<span style='color:red;'> Invalid country: Samoa American,
<span style='color:red;'> Invalid country: Sao Tome & Principe,
<span style='color:red;'> Invalid country: Swaziland,
<span style='color:red;'> Invalid country: Tahiti,
<span style='color:red;'> Invalid country: Taiwan,
<span style='color:red;'> Invalid country: Tokelau,
<span style='color:red;'> Invalid country: Trinidad & Tobago,
<span style='color:red;'> Invalid country: Turks & Caicos Is,
<span style='color:red;'> Invalid country: Vatican City State,
<span style='color:red;'> Invalid country: Virgin Islands (Brit),
<span style='color:red;'> Invalid country: Virgin Islands (USA),
<span style='color:red;'> Invalid country: Wake Island,
<span style='color:red;'> Invalid country: Wallis & Futana Is,
<span style='color:red;'> Invalid country: Zaire,
Missing country: Antigua and Barbuda,
Missing country: Bosnia and Herzegovina,
Missing country: Cabo Verde,
Missing country: Congo (Congo-Brazzaville),
Missing country: Côte d'Ivoire,
Missing country: Czechia (Czech Republic),
Missing country: Democratic Republic of the Congo,
Missing country: Eswatini (fmr. ""Swaziland""),
Missing country: Guinea-Bissau,
Missing country: Holy See,
Missing country: Micronesia,
Missing country: Montenegro,
Missing country: Myanmar (formerly Burma),
Missing country: Namibia,
Missing country: Netherlands,
Missing country: North Korea,
Missing country: North Macedonia,
Missing country: Palau,
Missing country: Palestine State,
Missing country: Saint Kitts and Nevis,
Missing country: Saint Lucia,
Missing country: Saint Vincent and the Grenadines,
Missing country: Sao Tome and Principe,
Missing country: Serbia,
Missing country: South Korea,
Missing country: South Sudan,
Missing country: Timor-Leste,
Missing country: Trinidad and Tobago
at tests.DatacomBugsFormTestCountry.testCountryDropdownOptions(DatacomBugsFormTestCountry.java:67)
at java.base/java.util.concurrent.Executors$RunnableAdapter.call(Executors.java:572)
at java.base/java.util.concurrent.FutureTask.run(FutureTask.java:317)
at java.base/java.util.concurrent.ThreadPoolExecutor.runWorker(ThreadPoolExecutor.java:1144)
at java.base/java.util.concurrent.ThreadPoolExecutor$Worker.run(ThreadPoolExecutor.java:642)
at java.base/java.lang.Thread.run(Thread.java:1583)
... Removed 13 stack frames]]>
    </failure>
  </testcase> <!-- testCountryDropdownOptions -->
  <testcase classname="tests.DatacomBugsFormTestPhoneNumber" name="testEmptyInputPhone" time="3.998">
    <failure type="java.lang.AssertionError" message="The following asserts failed:
	expected [Monkey] but found [],
	expected [luffy@op.com] but found []">
      <![CDATA[java.lang.AssertionError: The following asserts failed:
expected [Monkey] but found [],
expected [luffy@op.com] but found []
at tests.DatacomBugsFormTestPhoneNumber.runPhoneTest(DatacomBugsFormTestPhoneNumber.java:70)
at tests.DatacomBugsFormTestPhoneNumber.testEmptyInputPhone(DatacomBugsFormTestPhoneNumber.java:48)
at java.base/java.util.concurrent.ThreadPoolExecutor.runWorker(ThreadPoolExecutor.java:1144)
at java.base/java.util.concurrent.ThreadPoolExecutor$Worker.run(ThreadPoolExecutor.java:642)
at java.base/java.lang.Thread.run(Thread.java:1583)
... Removed 9 stack frames]]>
    </failure>
  </testcase> <!-- testEmptyInputPhone -->
  <testcase classname="tests.DatacomBugsFormTestPassword" name="testEmptyInputPassword" time="4.845"/>
  <testcase classname="tests.DatacomBugsFormTestEmail" name="testEmptyInputEmail" time="4.297">
    <failure type="java.lang.AssertionError" message="The following asserts failed:
	Expected actual to contain: Unsuccessful  - Email field should not be empty since its marked as mandatory field(*)  but was: Successfully registered the following information expected [true] but found [false],
	expected [Monkey] but found [Monke],
	expected [1234567890] but found [1234567891]">
      <![CDATA[java.lang.AssertionError: The following asserts failed:
Expected actual to contain: Unsuccessful  - Email field should not be empty since its marked as mandatory field(*)  but was: Successfully registered the following information expected [true] but found [false],
expected [Monkey] but found [Monke],
expected [1234567890] but found [1234567891]
at tests.DatacomBugsFormTestEmail.runEmailTest(DatacomBugsFormTestEmail.java:66)
at tests.DatacomBugsFormTestEmail.testEmptyInputEmail(DatacomBugsFormTestEmail.java:44)
at java.base/java.util.concurrent.ThreadPoolExecutor.runWorker(ThreadPoolExecutor.java:1144)
at java.base/java.util.concurrent.ThreadPoolExecutor$Worker.run(ThreadPoolExecutor.java:642)
at java.base/java.lang.Thread.run(Thread.java:1583)
... Removed 9 stack frames]]>
    </failure>
  </testcase> <!-- testEmptyInputEmail -->
  <testcase classname="tests.DatacomBugsFormTestName" name="testEmptyInputFirstName" time="5.706">
    <failure type="java.lang.AssertionError" message="The following asserts failed:
	expected [Monkey] but found [Monke],
	expected [1234567890] but found [1234567891]">
      <![CDATA[java.lang.AssertionError: The following asserts failed:
expected [Monkey] but found [Monke],
expected [1234567890] but found [1234567891]
at tests.DatacomBugsFormTestName.runFirstNameTest(DatacomBugsFormTestName.java:83)
at tests.DatacomBugsFormTestName.testEmptyInputFirstName(DatacomBugsFormTestName.java:44)
at java.base/java.util.concurrent.ThreadPoolExecutor.runWorker(ThreadPoolExecutor.java:1144)
at java.base/java.util.concurrent.ThreadPoolExecutor$Worker.run(ThreadPoolExecutor.java:642)
at java.base/java.lang.Thread.run(Thread.java:1583)
... Removed 9 stack frames]]>
    </failure>
  </testcase> <!-- testEmptyInputFirstName -->
  <testcase classname="tests.DatacomBugsFormTestPhoneNumber" name="testInvalidInputPhone" time="3.441">
    <failure type="java.lang.AssertionError" message="The following asserts failed:
	Expected actual to contain: Unsuccessful - Phone Number field should only accept numeric values  but was: Successfully registered the following information expected [true] but found [false],
	expected [Monkey] but found [Monke],
	expected [QWERTY!@#$%] but found [QWERTY!@#$NaN]">
      <![CDATA[java.lang.AssertionError: The following asserts failed:
Expected actual to contain: Unsuccessful - Phone Number field should only accept numeric values  but was: Successfully registered the following information expected [true] but found [false],
expected [Monkey] but found [Monke],
expected [QWERTY!@#$%] but found [QWERTY!@#$NaN]
at tests.DatacomBugsFormTestPhoneNumber.runPhoneTest(DatacomBugsFormTestPhoneNumber.java:70)
at tests.DatacomBugsFormTestPhoneNumber.testInvalidInputPhone(DatacomBugsFormTestPhoneNumber.java:38)
at java.base/java.util.concurrent.ThreadPoolExecutor.runWorker(ThreadPoolExecutor.java:1144)
at java.base/java.util.concurrent.ThreadPoolExecutor$Worker.run(ThreadPoolExecutor.java:642)
at java.base/java.lang.Thread.run(Thread.java:1583)
... Removed 9 stack frames]]>
    </failure>
  </testcase> <!-- testInvalidInputPhone -->
  <testcase classname="tests.DatacomBugsFormTestPassword" name="testLessMinimumInputPassword" time="3.599"/>
  <testcase classname="tests.DatacomBugsFormTestEmail" name="testInvalidInputEmail" time="3.927">
    <failure type="java.lang.AssertionError" message="The following asserts failed:
	Expected actual to contain: Unsuccessful  - Email field should only accept input value with @ and &amp;apos;.&amp;apos; format  but was: Successfully registered the following information expected [true] but found [false],
	expected [Monkey] but found [Monke],
	expected [1234567890] but found [1234567891]">
      <![CDATA[java.lang.AssertionError: The following asserts failed:
Expected actual to contain: Unsuccessful  - Email field should only accept input value with @ and '.' format  but was: Successfully registered the following information expected [true] but found [false],
expected [Monkey] but found [Monke],
expected [1234567890] but found [1234567891]
at tests.DatacomBugsFormTestEmail.runEmailTest(DatacomBugsFormTestEmail.java:66)
at tests.DatacomBugsFormTestEmail.testInvalidInputEmail(DatacomBugsFormTestEmail.java:38)
at java.base/java.util.concurrent.ThreadPoolExecutor.runWorker(ThreadPoolExecutor.java:1144)
at java.base/java.util.concurrent.ThreadPoolExecutor$Worker.run(ThreadPoolExecutor.java:642)
at java.base/java.lang.Thread.run(Thread.java:1583)
... Removed 9 stack frames]]>
    </failure>
  </testcase> <!-- testInvalidInputEmail -->
  <testcase classname="tests.DatacomBugsFormTestName" name="testEmptyInputLastName" time="3.41">
    <failure type="java.lang.AssertionError" message="The following asserts failed:
	Expected actual to contain: Unsuccessful but was: Successfully registered the following information expected [true] but found [false],
	expected [1234567890] but found [1234567891]">
      <![CDATA[java.lang.AssertionError: The following asserts failed:
Expected actual to contain: Unsuccessful but was: Successfully registered the following information expected [true] but found [false],
expected [1234567890] but found [1234567891]
at tests.DatacomBugsFormTestName.runLastNameTest(DatacomBugsFormTestName.java:106)
at tests.DatacomBugsFormTestName.testEmptyInputLastName(DatacomBugsFormTestName.java:59)
at java.base/java.util.concurrent.ThreadPoolExecutor.runWorker(ThreadPoolExecutor.java:1144)
at java.base/java.util.concurrent.ThreadPoolExecutor$Worker.run(ThreadPoolExecutor.java:642)
at java.base/java.lang.Thread.run(Thread.java:1583)
... Removed 9 stack frames]]>
    </failure>
  </testcase> <!-- testEmptyInputLastName -->
  <testcase classname="tests.DatacomBugsFormTestEmail" name="testValidInputEmail" time="3.445">
    <failure type="java.lang.AssertionError" message="The following asserts failed:
	expected [Monkey] but found [Monke],
	expected [1234567890] but found [1234567891]">
      <![CDATA[java.lang.AssertionError: The following asserts failed:
expected [Monkey] but found [Monke],
expected [1234567890] but found [1234567891]
at tests.DatacomBugsFormTestEmail.runEmailTest(DatacomBugsFormTestEmail.java:66)
at tests.DatacomBugsFormTestEmail.testValidInputEmail(DatacomBugsFormTestEmail.java:33)
at java.base/java.util.concurrent.ThreadPoolExecutor.runWorker(ThreadPoolExecutor.java:1144)
at java.base/java.util.concurrent.ThreadPoolExecutor$Worker.run(ThreadPoolExecutor.java:642)
at java.base/java.lang.Thread.run(Thread.java:1583)
... Removed 9 stack frames]]>
    </failure>
  </testcase> <!-- testValidInputEmail -->
  <testcase classname="tests.DatacomBugsFormTestName" name="testInvalidInputFirstName" time="2.36">
    <failure type="java.lang.AssertionError" message="The following asserts failed:
	expected [Monkey] but found [Monke],
	expected [1234567890] but found [1234567891]">
      <![CDATA[java.lang.AssertionError: The following asserts failed:
expected [Monkey] but found [Monke],
expected [1234567890] but found [1234567891]
at tests.DatacomBugsFormTestName.runFirstNameTest(DatacomBugsFormTestName.java:83)
at tests.DatacomBugsFormTestName.testInvalidInputFirstName(DatacomBugsFormTestName.java:39)
at java.base/java.util.concurrent.ThreadPoolExecutor.runWorker(ThreadPoolExecutor.java:1144)
at java.base/java.util.concurrent.ThreadPoolExecutor$Worker.run(ThreadPoolExecutor.java:642)
at java.base/java.lang.Thread.run(Thread.java:1583)
... Removed 9 stack frames]]>
    </failure>
  </testcase> <!-- testInvalidInputFirstName -->
  <testcase classname="tests.DatacomBugsFormTestPhoneNumber" name="testLessMinimumInputPhone" time="3.672">
    <failure type="java.lang.AssertionError" message="The following asserts failed:
	expected [Monkey] but found [],
	expected [123456789] but found [],
	expected [luffy@op.com] but found []">
      <![CDATA[java.lang.AssertionError: The following asserts failed:
expected [Monkey] but found [],
expected [123456789] but found [],
expected [luffy@op.com] but found []
at tests.DatacomBugsFormTestPhoneNumber.runPhoneTest(DatacomBugsFormTestPhoneNumber.java:70)
at tests.DatacomBugsFormTestPhoneNumber.testLessMinimumInputPhone(DatacomBugsFormTestPhoneNumber.java:43)
at java.base/java.util.concurrent.ThreadPoolExecutor.runWorker(ThreadPoolExecutor.java:1144)
at java.base/java.util.concurrent.ThreadPoolExecutor$Worker.run(ThreadPoolExecutor.java:642)
at java.base/java.lang.Thread.run(Thread.java:1583)
... Removed 9 stack frames]]>
    </failure>
  </testcase> <!-- testLessMinimumInputPhone -->
  <testcase classname="tests.DatacomBugsFormTestPassword" name="testMoreThanMaxInputPassword" time="4.659"/>
  <testcase classname="tests.DatacomBugsFormTestPhoneNumber" name="testValidInputPhone" time="2.276">
    <failure type="java.lang.AssertionError" message="The following asserts failed:
	expected [Monkey] but found [Monke],
	expected [1234567890] but found [1234567891]">
      <![CDATA[java.lang.AssertionError: The following asserts failed:
expected [Monkey] but found [Monke],
expected [1234567890] but found [1234567891]
at tests.DatacomBugsFormTestPhoneNumber.runPhoneTest(DatacomBugsFormTestPhoneNumber.java:70)
at tests.DatacomBugsFormTestPhoneNumber.testValidInputPhone(DatacomBugsFormTestPhoneNumber.java:33)
at java.base/java.util.concurrent.ThreadPoolExecutor.runWorker(ThreadPoolExecutor.java:1144)
at java.base/java.util.concurrent.ThreadPoolExecutor$Worker.run(ThreadPoolExecutor.java:642)
at java.base/java.lang.Thread.run(Thread.java:1583)
... Removed 9 stack frames]]>
    </failure>
  </testcase> <!-- testValidInputPhone -->
  <testcase classname="tests.DatacomBugsFormTestName" name="testInvalidInputLastName" time="2.33">
    <failure type="java.lang.AssertionError" message="The following asserts failed:
	Expected actual to contain: Unsuccessful but was: Successfully registered the following information expected [true] but found [false],
	expected [!@#123] but found [!@#12],
	expected [1234567890] but found [1234567891]">
      <![CDATA[java.lang.AssertionError: The following asserts failed:
Expected actual to contain: Unsuccessful but was: Successfully registered the following information expected [true] but found [false],
expected [!@#123] but found [!@#12],
expected [1234567890] but found [1234567891]
at tests.DatacomBugsFormTestName.runLastNameTest(DatacomBugsFormTestName.java:106)
at tests.DatacomBugsFormTestName.testInvalidInputLastName(DatacomBugsFormTestName.java:54)
at java.base/java.util.concurrent.ThreadPoolExecutor.runWorker(ThreadPoolExecutor.java:1144)
at java.base/java.util.concurrent.ThreadPoolExecutor$Worker.run(ThreadPoolExecutor.java:642)
at java.base/java.lang.Thread.run(Thread.java:1583)
... Removed 9 stack frames]]>
    </failure>
  </testcase> <!-- testInvalidInputLastName -->
  <testcase classname="tests.DatacomBugsFormTestPassword" name="testValidInputPassword" time="2.457">
    <failure type="java.lang.AssertionError" message="The following asserts failed:
	expected [Monkey] but found [Monke],
	expected [1234567890] but found [1234567891]">
      <![CDATA[java.lang.AssertionError: The following asserts failed:
expected [Monkey] but found [Monke],
expected [1234567890] but found [1234567891]
at tests.DatacomBugsFormTestPassword.runPasswordTest(DatacomBugsFormTestPassword.java:70)
at tests.DatacomBugsFormTestPassword.testValidInputPassword(DatacomBugsFormTestPassword.java:33)
at java.base/java.util.concurrent.ThreadPoolExecutor.runWorker(ThreadPoolExecutor.java:1144)
at java.base/java.util.concurrent.ThreadPoolExecutor$Worker.run(ThreadPoolExecutor.java:642)
at java.base/java.lang.Thread.run(Thread.java:1583)
... Removed 9 stack frames]]>
    </failure>
  </testcase> <!-- testValidInputPassword -->
  <testcase classname="tests.DatacomBugsFormTestName" name="testValidInputFirstName" time="1.651">
    <failure type="java.lang.AssertionError" message="The following asserts failed:
	expected [Monkey] but found [Monke],
	expected [1234567890] but found [1234567891]">
      <![CDATA[java.lang.AssertionError: The following asserts failed:
expected [Monkey] but found [Monke],
expected [1234567890] but found [1234567891]
at tests.DatacomBugsFormTestName.runFirstNameTest(DatacomBugsFormTestName.java:83)
at tests.DatacomBugsFormTestName.testValidInputFirstName(DatacomBugsFormTestName.java:34)
at java.base/java.util.concurrent.ThreadPoolExecutor.runWorker(ThreadPoolExecutor.java:1144)
at java.base/java.util.concurrent.ThreadPoolExecutor$Worker.run(ThreadPoolExecutor.java:642)
at java.base/java.lang.Thread.run(Thread.java:1583)
... Removed 9 stack frames]]>
    </failure>
  </testcase> <!-- testValidInputFirstName -->
  <testcase classname="tests.DatacomBugsFormTestName" name="testValidInputLastName" time="1.581">
    <failure type="java.lang.AssertionError" message="The following asserts failed:
	expected [Monkey] but found [Monke],
	expected [1234567890] but found [1234567891]">
      <![CDATA[java.lang.AssertionError: The following asserts failed:
expected [Monkey] but found [Monke],
expected [1234567890] but found [1234567891]
at tests.DatacomBugsFormTestName.runLastNameTest(DatacomBugsFormTestName.java:106)
at tests.DatacomBugsFormTestName.testValidInputLastName(DatacomBugsFormTestName.java:49)
at java.base/java.util.concurrent.ThreadPoolExecutor.runWorker(ThreadPoolExecutor.java:1144)
at java.base/java.util.concurrent.ThreadPoolExecutor$Worker.run(ThreadPoolExecutor.java:642)
at java.base/java.lang.Thread.run(Thread.java:1583)
... Removed 9 stack frames]]>
    </failure>
  </testcase> <!-- testValidInputLastName -->
  <testcase classname="com.datacom.framework.base.BaseTest" name="@AfterSuite tearDownSuite" time="0.0">
    <ignored/>
  </testcase> <!-- @AfterSuite tearDownSuite -->
  <testcase classname="com.datacom.framework.base.BaseTest" name="@AfterSuite tearDownSuite" time="0.0">
    <ignored/>
  </testcase> <!-- @AfterSuite tearDownSuite -->
  <testcase classname="com.datacom.framework.base.BaseTest" name="@AfterSuite tearDownSuite" time="0.0">
    <ignored/>
  </testcase> <!-- @AfterSuite tearDownSuite -->
  <testcase classname="com.datacom.framework.base.BaseTest" name="@AfterSuite tearDownSuite" time="0.0">
    <ignored/>
  </testcase> <!-- @AfterSuite tearDownSuite -->
</testsuite> <!-- Smoke Testing Suite -->
