<?xml version="1.0" encoding="UTF-8"?>
<testng-results ignored="0" total="18" passed="3" failed="15" skipped="0">
  <reporter-output>
  </reporter-output>
  <suite started-at="2025-09-27T19:37:34 PST" name="PlaywrightSuite" finished-at="2025-09-27T19:38:19 PST" duration-ms="45408">
    <groups>
      <group name="smoke">
        <method signature="DatacomBugsFormTestCountry.testCountryDropdownOptions()[pri:0, instance:tests.DatacomBugsFormTestCountry@a8ef162]" name="testCountryDropdownOptions" class="tests.DatacomBugsFormTestCountry"/>
        <method signature="DatacomBugsFormTestEmail.testEmptyInputEmail(com.datacom.framework.models.UserData)[pri:0, instance:tests.DatacomBugsFormTestEmail@1f760b47]" name="testEmptyInputEmail" class="tests.DatacomBugsFormTestEmail"/>
        <method signature="DatacomBugsFormTestEmail.testInvalidInputEmail(com.datacom.framework.models.UserData)[pri:0, instance:tests.DatacomBugsFormTestEmail@1f760b47]" name="testInvalidInputEmail" class="tests.DatacomBugsFormTestEmail"/>
        <method signature="DatacomBugsFormTestEmail.testValidInputEmail(com.datacom.framework.models.UserData)[pri:0, instance:tests.DatacomBugsFormTestEmail@1f760b47]" name="testValidInputEmail" class="tests.DatacomBugsFormTestEmail"/>
        <method signature="DatacomBugsFormTestName.testEmptyInputFirstName(com.datacom.framework.models.UserData)[pri:0, instance:tests.DatacomBugsFormTestName@18ece7f4]" name="testEmptyInputFirstName" class="tests.DatacomBugsFormTestName"/>
        <method signature="DatacomBugsFormTestName.testEmptyInputLastName(com.datacom.framework.models.UserData)[pri:0, instance:tests.DatacomBugsFormTestName@18ece7f4]" name="testEmptyInputLastName" class="tests.DatacomBugsFormTestName"/>
        <method signature="DatacomBugsFormTestName.testInvalidInputFirstName(com.datacom.framework.models.UserData)[pri:0, instance:tests.DatacomBugsFormTestName@18ece7f4]" name="testInvalidInputFirstName" class="tests.DatacomBugsFormTestName"/>
        <method signature="DatacomBugsFormTestName.testInvalidInputLastName(com.datacom.framework.models.UserData)[pri:0, instance:tests.DatacomBugsFormTestName@18ece7f4]" name="testInvalidInputLastName" class="tests.DatacomBugsFormTestName"/>
        <method signature="DatacomBugsFormTestName.testValidInputFirstName(com.datacom.framework.models.UserData)[pri:0, instance:tests.DatacomBugsFormTestName@18ece7f4]" name="testValidInputFirstName" class="tests.DatacomBugsFormTestName"/>
        <method signature="DatacomBugsFormTestName.testValidInputLastName(com.datacom.framework.models.UserData)[pri:0, instance:tests.DatacomBugsFormTestName@18ece7f4]" name="testValidInputLastName" class="tests.DatacomBugsFormTestName"/>
        <method signature="DatacomBugsFormTestPassword.testEmptyInputPassword(com.datacom.framework.models.UserData)[pri:0, instance:tests.DatacomBugsFormTestPassword@3cce57c7]" name="testEmptyInputPassword" class="tests.DatacomBugsFormTestPassword"/>
        <method signature="DatacomBugsFormTestPassword.testLessMinimumInputPassword(com.datacom.framework.models.UserData)[pri:0, instance:tests.DatacomBugsFormTestPassword@3cce57c7]" name="testLessMinimumInputPassword" class="tests.DatacomBugsFormTestPassword"/>
        <method signature="DatacomBugsFormTestPassword.testMoreThanMaxInputPassword(com.datacom.framework.models.UserData)[pri:0, instance:tests.DatacomBugsFormTestPassword@3cce57c7]" name="testMoreThanMaxInputPassword" class="tests.DatacomBugsFormTestPassword"/>
        <method signature="DatacomBugsFormTestPassword.testValidInputPassword(com.datacom.framework.models.UserData)[pri:0, instance:tests.DatacomBugsFormTestPassword@3cce57c7]" name="testValidInputPassword" class="tests.DatacomBugsFormTestPassword"/>
        <method signature="DatacomBugsFormTestPhoneNumber.testEmptyInputPhone(com.datacom.framework.models.UserData)[pri:0, instance:tests.DatacomBugsFormTestPhoneNumber@1cf56a1c]" name="testEmptyInputPhone" class="tests.DatacomBugsFormTestPhoneNumber"/>
        <method signature="DatacomBugsFormTestPhoneNumber.testInvalidInputPhone(com.datacom.framework.models.UserData)[pri:0, instance:tests.DatacomBugsFormTestPhoneNumber@1cf56a1c]" name="testInvalidInputPhone" class="tests.DatacomBugsFormTestPhoneNumber"/>
        <method signature="DatacomBugsFormTestPhoneNumber.testLessMinimumInputPhone(com.datacom.framework.models.UserData)[pri:0, instance:tests.DatacomBugsFormTestPhoneNumber@1cf56a1c]" name="testLessMinimumInputPhone" class="tests.DatacomBugsFormTestPhoneNumber"/>
        <method signature="DatacomBugsFormTestPhoneNumber.testValidInputPhone(com.datacom.framework.models.UserData)[pri:0, instance:tests.DatacomBugsFormTestPhoneNumber@1cf56a1c]" name="testValidInputPhone" class="tests.DatacomBugsFormTestPhoneNumber"/>
      </group> <!-- smoke -->
    </groups>
    <test started-at="2025-09-27T19:37:34 PST" name="Smoke Testing Suite" finished-at="2025-09-27T19:38:19 PST" duration-ms="45408">
      <class name="tests.DatacomBugsFormTestName">
        <test-method is-config="true" signature="setUp(java.lang.String,java.lang.reflect.Method)[pri:0, instance:tests.DatacomBugsFormTestName@18ece7f4]" started-at="2025-09-27T19:37:36 PST" name="setUp" finished-at="2025-09-27T19:37:46 PST" duration-ms="9900" status="PASS">
          <params>
            <param index="0">
              <value>
                <![CDATA[chromium]]>
              </value>
            </param>
            <param index="1">
              <value>
                <![CDATA[public void tests.DatacomBugsFormTestName.testEmptyInputFirstName(com.datacom.framework.models.UserData)]]>
              </value>
            </param>
          </params>
          <reporter-output>
          </reporter-output>
        </test-method> <!-- setUp -->
        <test-method is-config="true" signature="setupPages()[pri:0, instance:tests.DatacomBugsFormTestName@18ece7f4]" started-at="2025-09-27T19:37:46 PST" name="setupPages" finished-at="2025-09-27T19:37:46 PST" duration-ms="1" status="PASS">
          <reporter-output>
          </reporter-output>
        </test-method> <!-- setupPages -->
        <test-method signature="testEmptyInputFirstName(com.datacom.framework.models.UserData)[pri:0, instance:tests.DatacomBugsFormTestName@18ece7f4]" started-at="2025-09-27T19:37:46 PST" name="testEmptyInputFirstName" data-provider="userDataProvider" finished-at="2025-09-27T19:37:52 PST" duration-ms="5706" status="FAIL">
          <params>
            <param index="0">
              <value>
                <![CDATA[com.datacom.framework.models.UserData@5410620c]]>
              </value>
            </param>
          </params>
          <exception class="java.lang.AssertionError">
            <message>
              <![CDATA[The following asserts failed:
expected [Monkey] but found [Monke],
expected [1234567890] but found [1234567891]]]>
            </message>
            <full-stacktrace>
              <![CDATA[java.lang.AssertionError: The following asserts failed:
expected [Monkey] but found [Monke],
expected [1234567890] but found [1234567891]
at org.testng.asserts.SoftAssert.assertAll(SoftAssert.java:46)
at org.testng.asserts.SoftAssert.assertAll(SoftAssert.java:30)
at tests.DatacomBugsFormTestName.runFirstNameTest(DatacomBugsFormTestName.java:83)
at tests.DatacomBugsFormTestName.testEmptyInputFirstName(DatacomBugsFormTestName.java:44)
at java.base/jdk.internal.reflect.DirectMethodHandleAccessor.invoke(DirectMethodHandleAccessor.java:103)
at java.base/java.lang.reflect.Method.invoke(Method.java:580)
at org.testng.internal.invokers.MethodInvocationHelper.invokeMethod(MethodInvocationHelper.java:141)
at org.testng.internal.invokers.TestInvoker.invokeMethod(TestInvoker.java:687)
at org.testng.internal.invokers.TestInvoker.invokeTestMethod(TestInvoker.java:230)
at org.testng.internal.invokers.TestMethodWithDataProviderMethodWorker.call(TestMethodWithDataProviderMethodWorker.java:81)
at org.testng.internal.thread.Async$AsyncTask.run(Async.java:34)
at java.base/java.util.concurrent.ThreadPoolExecutor.runWorker(ThreadPoolExecutor.java:1144)
at java.base/java.util.concurrent.ThreadPoolExecutor$Worker.run(ThreadPoolExecutor.java:642)
at java.base/java.lang.Thread.run(Thread.java:1583)
]]>
            </full-stacktrace>
          </exception> <!-- java.lang.AssertionError -->
          <reporter-output>
          </reporter-output>
        </test-method> <!-- testEmptyInputFirstName -->
        <test-method is-config="true" signature="tearDown()[pri:0, instance:tests.DatacomBugsFormTestName@18ece7f4]" started-at="2025-09-27T19:37:52 PST" name="tearDown" finished-at="2025-09-27T19:37:53 PST" duration-ms="1240" status="PASS">
          <reporter-output>
          </reporter-output>
        </test-method> <!-- tearDown -->
        <test-method is-config="true" signature="setUp(java.lang.String,java.lang.reflect.Method)[pri:0, instance:tests.DatacomBugsFormTestName@18ece7f4]" started-at="2025-09-27T19:37:53 PST" name="setUp" finished-at="2025-09-27T19:37:56 PST" duration-ms="2919" status="PASS">
          <params>
            <param index="0">
              <value>
                <![CDATA[chromium]]>
              </value>
            </param>
            <param index="1">
              <value>
                <![CDATA[public void tests.DatacomBugsFormTestName.testEmptyInputLastName(com.datacom.framework.models.UserData)]]>
              </value>
            </param>
          </params>
          <reporter-output>
          </reporter-output>
        </test-method> <!-- setUp -->
        <test-method signature="testEmptyInputLastName(com.datacom.framework.models.UserData)[pri:0, instance:tests.DatacomBugsFormTestName@18ece7f4]" started-at="2025-09-27T19:37:56 PST" name="testEmptyInputLastName" data-provider="userDataProvider" finished-at="2025-09-27T19:37:59 PST" duration-ms="3410" status="FAIL">
          <params>
            <param index="0">
              <value>
                <![CDATA[com.datacom.framework.models.UserData@59446661]]>
              </value>
            </param>
          </params>
          <exception class="java.lang.AssertionError">
            <message>
              <![CDATA[The following asserts failed:
Expected actual to contain: Unsuccessful but was: Successfully registered the following information expected [true] but found [false],
expected [1234567890] but found [1234567891]]]>
            </message>
            <full-stacktrace>
              <![CDATA[java.lang.AssertionError: The following asserts failed:
Expected actual to contain: Unsuccessful but was: Successfully registered the following information expected [true] but found [false],
expected [1234567890] but found [1234567891]
at org.testng.asserts.SoftAssert.assertAll(SoftAssert.java:46)
at org.testng.asserts.SoftAssert.assertAll(SoftAssert.java:30)
at tests.DatacomBugsFormTestName.runLastNameTest(DatacomBugsFormTestName.java:106)
at tests.DatacomBugsFormTestName.testEmptyInputLastName(DatacomBugsFormTestName.java:59)
at java.base/jdk.internal.reflect.DirectMethodHandleAccessor.invoke(DirectMethodHandleAccessor.java:103)
at java.base/java.lang.reflect.Method.invoke(Method.java:580)
at org.testng.internal.invokers.MethodInvocationHelper.invokeMethod(MethodInvocationHelper.java:141)
at org.testng.internal.invokers.TestInvoker.invokeMethod(TestInvoker.java:687)
at org.testng.internal.invokers.TestInvoker.invokeTestMethod(TestInvoker.java:230)
at org.testng.internal.invokers.TestMethodWithDataProviderMethodWorker.call(TestMethodWithDataProviderMethodWorker.java:81)
at org.testng.internal.thread.Async$AsyncTask.run(Async.java:34)
at java.base/java.util.concurrent.ThreadPoolExecutor.runWorker(ThreadPoolExecutor.java:1144)
at java.base/java.util.concurrent.ThreadPoolExecutor$Worker.run(ThreadPoolExecutor.java:642)
at java.base/java.lang.Thread.run(Thread.java:1583)
]]>
            </full-stacktrace>
          </exception> <!-- java.lang.AssertionError -->
          <reporter-output>
          </reporter-output>
        </test-method> <!-- testEmptyInputLastName -->
        <test-method is-config="true" signature="setupPages()[pri:0, instance:tests.DatacomBugsFormTestName@18ece7f4]" started-at="2025-09-27T19:37:56 PST" name="setupPages" finished-at="2025-09-27T19:37:56 PST" duration-ms="0" status="PASS">
          <reporter-output>
          </reporter-output>
        </test-method> <!-- setupPages -->
        <test-method is-config="true" signature="tearDown()[pri:0, instance:tests.DatacomBugsFormTestName@18ece7f4]" started-at="2025-09-27T19:37:59 PST" name="tearDown" finished-at="2025-09-27T19:38:00 PST" duration-ms="835" status="PASS">
          <reporter-output>
          </reporter-output>
        </test-method> <!-- tearDown -->
        <test-method is-config="true" signature="setUp(java.lang.String,java.lang.reflect.Method)[pri:0, instance:tests.DatacomBugsFormTestName@18ece7f4]" started-at="2025-09-27T19:38:00 PST" name="setUp" finished-at="2025-09-27T19:38:04 PST" duration-ms="3579" status="PASS">
          <params>
            <param index="0">
              <value>
                <![CDATA[chromium]]>
              </value>
            </param>
            <param index="1">
              <value>
                <![CDATA[public void tests.DatacomBugsFormTestName.testInvalidInputFirstName(com.datacom.framework.models.UserData)]]>
              </value>
            </param>
          </params>
          <reporter-output>
          </reporter-output>
        </test-method> <!-- setUp -->
        <test-method is-config="true" signature="setupPages()[pri:0, instance:tests.DatacomBugsFormTestName@18ece7f4]" started-at="2025-09-27T19:38:04 PST" name="setupPages" finished-at="2025-09-27T19:38:04 PST" duration-ms="1" status="PASS">
          <reporter-output>
          </reporter-output>
        </test-method> <!-- setupPages -->
        <test-method signature="testInvalidInputFirstName(com.datacom.framework.models.UserData)[pri:0, instance:tests.DatacomBugsFormTestName@18ece7f4]" started-at="2025-09-27T19:38:04 PST" name="testInvalidInputFirstName" data-provider="userDataProvider" finished-at="2025-09-27T19:38:06 PST" duration-ms="2360" status="FAIL">
          <params>
            <param index="0">
              <value>
                <![CDATA[com.datacom.framework.models.UserData@5f944328]]>
              </value>
            </param>
          </params>
          <exception class="java.lang.AssertionError">
            <message>
              <![CDATA[The following asserts failed:
expected [Monkey] but found [Monke],
expected [1234567890] but found [1234567891]]]>
            </message>
            <full-stacktrace>
              <![CDATA[java.lang.AssertionError: The following asserts failed:
expected [Monkey] but found [Monke],
expected [1234567890] but found [1234567891]
at org.testng.asserts.SoftAssert.assertAll(SoftAssert.java:46)
at org.testng.asserts.SoftAssert.assertAll(SoftAssert.java:30)
at tests.DatacomBugsFormTestName.runFirstNameTest(DatacomBugsFormTestName.java:83)
at tests.DatacomBugsFormTestName.testInvalidInputFirstName(DatacomBugsFormTestName.java:39)
at java.base/jdk.internal.reflect.DirectMethodHandleAccessor.invoke(DirectMethodHandleAccessor.java:103)
at java.base/java.lang.reflect.Method.invoke(Method.java:580)
at org.testng.internal.invokers.MethodInvocationHelper.invokeMethod(MethodInvocationHelper.java:141)
at org.testng.internal.invokers.TestInvoker.invokeMethod(TestInvoker.java:687)
at org.testng.internal.invokers.TestInvoker.invokeTestMethod(TestInvoker.java:230)
at org.testng.internal.invokers.TestMethodWithDataProviderMethodWorker.call(TestMethodWithDataProviderMethodWorker.java:81)
at org.testng.internal.thread.Async$AsyncTask.run(Async.java:34)
at java.base/java.util.concurrent.ThreadPoolExecutor.runWorker(ThreadPoolExecutor.java:1144)
at java.base/java.util.concurrent.ThreadPoolExecutor$Worker.run(ThreadPoolExecutor.java:642)
at java.base/java.lang.Thread.run(Thread.java:1583)
]]>
            </full-stacktrace>
          </exception> <!-- java.lang.AssertionError -->
          <reporter-output>
          </reporter-output>
        </test-method> <!-- testInvalidInputFirstName -->
        <test-method is-config="true" signature="tearDown()[pri:0, instance:tests.DatacomBugsFormTestName@18ece7f4]" started-at="2025-09-27T19:38:06 PST" name="tearDown" finished-at="2025-09-27T19:38:07 PST" duration-ms="988" status="PASS">
          <reporter-output>
          </reporter-output>
        </test-method> <!-- tearDown -->
        <test-method is-config="true" signature="setUp(java.lang.String,java.lang.reflect.Method)[pri:0, instance:tests.DatacomBugsFormTestName@18ece7f4]" started-at="2025-09-27T19:38:07 PST" name="setUp" finished-at="2025-09-27T19:38:10 PST" duration-ms="2413" status="PASS">
          <params>
            <param index="0">
              <value>
                <![CDATA[chromium]]>
              </value>
            </param>
            <param index="1">
              <value>
                <![CDATA[public void tests.DatacomBugsFormTestName.testInvalidInputLastName(com.datacom.framework.models.UserData)]]>
              </value>
            </param>
          </params>
          <reporter-output>
          </reporter-output>
        </test-method> <!-- setUp -->
        <test-method is-config="true" signature="setupPages()[pri:0, instance:tests.DatacomBugsFormTestName@18ece7f4]" started-at="2025-09-27T19:38:10 PST" name="setupPages" finished-at="2025-09-27T19:38:10 PST" duration-ms="1" status="PASS">
          <reporter-output>
          </reporter-output>
        </test-method> <!-- setupPages -->
        <test-method signature="testInvalidInputLastName(com.datacom.framework.models.UserData)[pri:0, instance:tests.DatacomBugsFormTestName@18ece7f4]" started-at="2025-09-27T19:38:10 PST" name="testInvalidInputLastName" data-provider="userDataProvider" finished-at="2025-09-27T19:38:12 PST" duration-ms="2330" status="FAIL">
          <params>
            <param index="0">
              <value>
                <![CDATA[com.datacom.framework.models.UserData@4fe9ff1f]]>
              </value>
            </param>
          </params>
          <exception class="java.lang.AssertionError">
            <message>
              <![CDATA[The following asserts failed:
Expected actual to contain: Unsuccessful but was: Successfully registered the following information expected [true] but found [false],
expected [!@#123] but found [!@#12],
expected [1234567890] but found [1234567891]]]>
            </message>
            <full-stacktrace>
              <![CDATA[java.lang.AssertionError: The following asserts failed:
Expected actual to contain: Unsuccessful but was: Successfully registered the following information expected [true] but found [false],
expected [!@#123] but found [!@#12],
expected [1234567890] but found [1234567891]
at org.testng.asserts.SoftAssert.assertAll(SoftAssert.java:46)
at org.testng.asserts.SoftAssert.assertAll(SoftAssert.java:30)
at tests.DatacomBugsFormTestName.runLastNameTest(DatacomBugsFormTestName.java:106)
at tests.DatacomBugsFormTestName.testInvalidInputLastName(DatacomBugsFormTestName.java:54)
at java.base/jdk.internal.reflect.DirectMethodHandleAccessor.invoke(DirectMethodHandleAccessor.java:103)
at java.base/java.lang.reflect.Method.invoke(Method.java:580)
at org.testng.internal.invokers.MethodInvocationHelper.invokeMethod(MethodInvocationHelper.java:141)
at org.testng.internal.invokers.TestInvoker.invokeMethod(TestInvoker.java:687)
at org.testng.internal.invokers.TestInvoker.invokeTestMethod(TestInvoker.java:230)
at org.testng.internal.invokers.TestMethodWithDataProviderMethodWorker.call(TestMethodWithDataProviderMethodWorker.java:81)
at org.testng.internal.thread.Async$AsyncTask.run(Async.java:34)
at java.base/java.util.concurrent.ThreadPoolExecutor.runWorker(ThreadPoolExecutor.java:1144)
at java.base/java.util.concurrent.ThreadPoolExecutor$Worker.run(ThreadPoolExecutor.java:642)
at java.base/java.lang.Thread.run(Thread.java:1583)
]]>
            </full-stacktrace>
          </exception> <!-- java.lang.AssertionError -->
          <reporter-output>
          </reporter-output>
        </test-method> <!-- testInvalidInputLastName -->
        <test-method is-config="true" signature="tearDown()[pri:0, instance:tests.DatacomBugsFormTestName@18ece7f4]" started-at="2025-09-27T19:38:12 PST" name="tearDown" finished-at="2025-09-27T19:38:13 PST" duration-ms="904" status="PASS">
          <reporter-output>
          </reporter-output>
        </test-method> <!-- tearDown -->
        <test-method is-config="true" signature="setUp(java.lang.String,java.lang.reflect.Method)[pri:0, instance:tests.DatacomBugsFormTestName@18ece7f4]" started-at="2025-09-27T19:38:13 PST" name="setUp" finished-at="2025-09-27T19:38:14 PST" duration-ms="1184" status="PASS">
          <params>
            <param index="0">
              <value>
                <![CDATA[chromium]]>
              </value>
            </param>
            <param index="1">
              <value>
                <![CDATA[public void tests.DatacomBugsFormTestName.testValidInputFirstName(com.datacom.framework.models.UserData)]]>
              </value>
            </param>
          </params>
          <reporter-output>
          </reporter-output>
        </test-method> <!-- setUp -->
        <test-method signature="testValidInputFirstName(com.datacom.framework.models.UserData)[pri:0, instance:tests.DatacomBugsFormTestName@18ece7f4]" started-at="2025-09-27T19:38:14 PST" name="testValidInputFirstName" data-provider="userDataProvider" finished-at="2025-09-27T19:38:16 PST" duration-ms="1651" status="FAIL">
          <params>
            <param index="0">
              <value>
                <![CDATA[com.datacom.framework.models.UserData@b7d3a2a]]>
              </value>
            </param>
          </params>
          <exception class="java.lang.AssertionError">
            <message>
              <![CDATA[The following asserts failed:
expected [Monkey] but found [Monke],
expected [1234567890] but found [1234567891]]]>
            </message>
            <full-stacktrace>
              <![CDATA[java.lang.AssertionError: The following asserts failed:
expected [Monkey] but found [Monke],
expected [1234567890] but found [1234567891]
at org.testng.asserts.SoftAssert.assertAll(SoftAssert.java:46)
at org.testng.asserts.SoftAssert.assertAll(SoftAssert.java:30)
at tests.DatacomBugsFormTestName.runFirstNameTest(DatacomBugsFormTestName.java:83)
at tests.DatacomBugsFormTestName.testValidInputFirstName(DatacomBugsFormTestName.java:34)
at java.base/jdk.internal.reflect.DirectMethodHandleAccessor.invoke(DirectMethodHandleAccessor.java:103)
at java.base/java.lang.reflect.Method.invoke(Method.java:580)
at org.testng.internal.invokers.MethodInvocationHelper.invokeMethod(MethodInvocationHelper.java:141)
at org.testng.internal.invokers.TestInvoker.invokeMethod(TestInvoker.java:687)
at org.testng.internal.invokers.TestInvoker.invokeTestMethod(TestInvoker.java:230)
at org.testng.internal.invokers.TestMethodWithDataProviderMethodWorker.call(TestMethodWithDataProviderMethodWorker.java:81)
at org.testng.internal.thread.Async$AsyncTask.run(Async.java:34)
at java.base/java.util.concurrent.ThreadPoolExecutor.runWorker(ThreadPoolExecutor.java:1144)
at java.base/java.util.concurrent.ThreadPoolExecutor$Worker.run(ThreadPoolExecutor.java:642)
at java.base/java.lang.Thread.run(Thread.java:1583)
]]>
            </full-stacktrace>
          </exception> <!-- java.lang.AssertionError -->
          <reporter-output>
          </reporter-output>
        </test-method> <!-- testValidInputFirstName -->
        <test-method is-config="true" signature="setupPages()[pri:0, instance:tests.DatacomBugsFormTestName@18ece7f4]" started-at="2025-09-27T19:38:14 PST" name="setupPages" finished-at="2025-09-27T19:38:14 PST" duration-ms="0" status="PASS">
          <reporter-output>
          </reporter-output>
        </test-method> <!-- setupPages -->
        <test-method is-config="true" signature="tearDown()[pri:0, instance:tests.DatacomBugsFormTestName@18ece7f4]" started-at="2025-09-27T19:38:16 PST" name="tearDown" finished-at="2025-09-27T19:38:16 PST" duration-ms="480" status="PASS">
          <reporter-output>
          </reporter-output>
        </test-method> <!-- tearDown -->
        <test-method is-config="true" signature="setUp(java.lang.String,java.lang.reflect.Method)[pri:0, instance:tests.DatacomBugsFormTestName@18ece7f4]" started-at="2025-09-27T19:38:16 PST" name="setUp" finished-at="2025-09-27T19:38:17 PST" duration-ms="1170" status="PASS">
          <params>
            <param index="0">
              <value>
                <![CDATA[chromium]]>
              </value>
            </param>
            <param index="1">
              <value>
                <![CDATA[public void tests.DatacomBugsFormTestName.testValidInputLastName(com.datacom.framework.models.UserData)]]>
              </value>
            </param>
          </params>
          <reporter-output>
          </reporter-output>
        </test-method> <!-- setUp -->
        <test-method is-config="true" signature="setupPages()[pri:0, instance:tests.DatacomBugsFormTestName@18ece7f4]" started-at="2025-09-27T19:38:17 PST" name="setupPages" finished-at="2025-09-27T19:38:17 PST" duration-ms="0" status="PASS">
          <reporter-output>
          </reporter-output>
        </test-method> <!-- setupPages -->
        <test-method signature="testValidInputLastName(com.datacom.framework.models.UserData)[pri:0, instance:tests.DatacomBugsFormTestName@18ece7f4]" started-at="2025-09-27T19:38:17 PST" name="testValidInputLastName" data-provider="userDataProvider" finished-at="2025-09-27T19:38:19 PST" duration-ms="1581" status="FAIL">
          <params>
            <param index="0">
              <value>
                <![CDATA[com.datacom.framework.models.UserData@120fce07]]>
              </value>
            </param>
          </params>
          <exception class="java.lang.AssertionError">
            <message>
              <![CDATA[The following asserts failed:
expected [Monkey] but found [Monke],
expected [1234567890] but found [1234567891]]]>
            </message>
            <full-stacktrace>
              <![CDATA[java.lang.AssertionError: The following asserts failed:
expected [Monkey] but found [Monke],
expected [1234567890] but found [1234567891]
at org.testng.asserts.SoftAssert.assertAll(SoftAssert.java:46)
at org.testng.asserts.SoftAssert.assertAll(SoftAssert.java:30)
at tests.DatacomBugsFormTestName.runLastNameTest(DatacomBugsFormTestName.java:106)
at tests.DatacomBugsFormTestName.testValidInputLastName(DatacomBugsFormTestName.java:49)
at java.base/jdk.internal.reflect.DirectMethodHandleAccessor.invoke(DirectMethodHandleAccessor.java:103)
at java.base/java.lang.reflect.Method.invoke(Method.java:580)
at org.testng.internal.invokers.MethodInvocationHelper.invokeMethod(MethodInvocationHelper.java:141)
at org.testng.internal.invokers.TestInvoker.invokeMethod(TestInvoker.java:687)
at org.testng.internal.invokers.TestInvoker.invokeTestMethod(TestInvoker.java:230)
at org.testng.internal.invokers.TestMethodWithDataProviderMethodWorker.call(TestMethodWithDataProviderMethodWorker.java:81)
at org.testng.internal.thread.Async$AsyncTask.run(Async.java:34)
at java.base/java.util.concurrent.ThreadPoolExecutor.runWorker(ThreadPoolExecutor.java:1144)
at java.base/java.util.concurrent.ThreadPoolExecutor$Worker.run(ThreadPoolExecutor.java:642)
at java.base/java.lang.Thread.run(Thread.java:1583)
]]>
            </full-stacktrace>
          </exception> <!-- java.lang.AssertionError -->
          <reporter-output>
          </reporter-output>
        </test-method> <!-- testValidInputLastName -->
        <test-method is-config="true" signature="tearDown()[pri:0, instance:tests.DatacomBugsFormTestName@18ece7f4]" started-at="2025-09-27T19:38:19 PST" name="tearDown" finished-at="2025-09-27T19:38:19 PST" duration-ms="438" status="PASS">
          <reporter-output>
          </reporter-output>
        </test-method> <!-- tearDown -->
      </class> <!-- tests.DatacomBugsFormTestName -->
      <class name="tests.DatacomBugsFormTestEmail">
        <test-method is-config="true" signature="setUp(java.lang.String,java.lang.reflect.Method)[pri:0, instance:tests.DatacomBugsFormTestEmail@1f760b47]" started-at="2025-09-27T19:37:36 PST" name="setUp" finished-at="2025-09-27T19:37:46 PST" duration-ms="10366" status="PASS">
          <params>
            <param index="0">
              <value>
                <![CDATA[chromium]]>
              </value>
            </param>
            <param index="1">
              <value>
                <![CDATA[public void tests.DatacomBugsFormTestEmail.testEmptyInputEmail(com.datacom.framework.models.UserData)]]>
              </value>
            </param>
          </params>
          <reporter-output>
          </reporter-output>
        </test-method> <!-- setUp -->
        <test-method is-config="true" signature="setupTestObjects()[pri:0, instance:tests.DatacomBugsFormTestEmail@1f760b47]" started-at="2025-09-27T19:37:46 PST" name="setupTestObjects" finished-at="2025-09-27T19:37:46 PST" duration-ms="2" status="PASS">
          <reporter-output>
          </reporter-output>
        </test-method> <!-- setupTestObjects -->
        <test-method signature="testEmptyInputEmail(com.datacom.framework.models.UserData)[pri:0, instance:tests.DatacomBugsFormTestEmail@1f760b47]" started-at="2025-09-27T19:37:46 PST" name="testEmptyInputEmail" data-provider="userDataProvider" finished-at="2025-09-27T19:37:51 PST" duration-ms="4297" status="FAIL">
          <params>
            <param index="0">
              <value>
                <![CDATA[com.datacom.framework.models.UserData@70103591]]>
              </value>
            </param>
          </params>
          <exception class="java.lang.AssertionError">
            <message>
              <![CDATA[The following asserts failed:
Expected actual to contain: Unsuccessful  - Email field should not be empty since its marked as mandatory field(*)  but was: Successfully registered the following information expected [true] but found [false],
expected [Monkey] but found [Monke],
expected [1234567890] but found [1234567891]]]>
            </message>
            <full-stacktrace>
              <![CDATA[java.lang.AssertionError: The following asserts failed:
Expected actual to contain: Unsuccessful  - Email field should not be empty since its marked as mandatory field(*)  but was: Successfully registered the following information expected [true] but found [false],
expected [Monkey] but found [Monke],
expected [1234567890] but found [1234567891]
at org.testng.asserts.SoftAssert.assertAll(SoftAssert.java:46)
at org.testng.asserts.SoftAssert.assertAll(SoftAssert.java:30)
at tests.DatacomBugsFormTestEmail.runEmailTest(DatacomBugsFormTestEmail.java:66)
at tests.DatacomBugsFormTestEmail.testEmptyInputEmail(DatacomBugsFormTestEmail.java:44)
at java.base/jdk.internal.reflect.DirectMethodHandleAccessor.invoke(DirectMethodHandleAccessor.java:103)
at java.base/java.lang.reflect.Method.invoke(Method.java:580)
at org.testng.internal.invokers.MethodInvocationHelper.invokeMethod(MethodInvocationHelper.java:141)
at org.testng.internal.invokers.TestInvoker.invokeMethod(TestInvoker.java:687)
at org.testng.internal.invokers.TestInvoker.invokeTestMethod(TestInvoker.java:230)
at org.testng.internal.invokers.TestMethodWithDataProviderMethodWorker.call(TestMethodWithDataProviderMethodWorker.java:81)
at org.testng.internal.thread.Async$AsyncTask.run(Async.java:34)
at java.base/java.util.concurrent.ThreadPoolExecutor.runWorker(ThreadPoolExecutor.java:1144)
at java.base/java.util.concurrent.ThreadPoolExecutor$Worker.run(ThreadPoolExecutor.java:642)
at java.base/java.lang.Thread.run(Thread.java:1583)
]]>
            </full-stacktrace>
          </exception> <!-- java.lang.AssertionError -->
          <reporter-output>
          </reporter-output>
        </test-method> <!-- testEmptyInputEmail -->
        <test-method is-config="true" signature="tearDown()[pri:0, instance:tests.DatacomBugsFormTestEmail@1f760b47]" started-at="2025-09-27T19:37:51 PST" name="tearDown" finished-at="2025-09-27T19:37:52 PST" duration-ms="940" status="PASS">
          <reporter-output>
          </reporter-output>
        </test-method> <!-- tearDown -->
        <test-method is-config="true" signature="setUp(java.lang.String,java.lang.reflect.Method)[pri:0, instance:tests.DatacomBugsFormTestEmail@1f760b47]" started-at="2025-09-27T19:37:52 PST" name="setUp" finished-at="2025-09-27T19:37:55 PST" duration-ms="2454" status="PASS">
          <params>
            <param index="0">
              <value>
                <![CDATA[chromium]]>
              </value>
            </param>
            <param index="1">
              <value>
                <![CDATA[public void tests.DatacomBugsFormTestEmail.testInvalidInputEmail(com.datacom.framework.models.UserData)]]>
              </value>
            </param>
          </params>
          <reporter-output>
          </reporter-output>
        </test-method> <!-- setUp -->
        <test-method is-config="true" signature="setupTestObjects()[pri:0, instance:tests.DatacomBugsFormTestEmail@1f760b47]" started-at="2025-09-27T19:37:55 PST" name="setupTestObjects" finished-at="2025-09-27T19:37:55 PST" duration-ms="0" status="PASS">
          <reporter-output>
          </reporter-output>
        </test-method> <!-- setupTestObjects -->
        <test-method signature="testInvalidInputEmail(com.datacom.framework.models.UserData)[pri:0, instance:tests.DatacomBugsFormTestEmail@1f760b47]" started-at="2025-09-27T19:37:55 PST" name="testInvalidInputEmail" data-provider="userDataProvider" finished-at="2025-09-27T19:37:58 PST" duration-ms="3927" status="FAIL">
          <params>
            <param index="0">
              <value>
                <![CDATA[com.datacom.framework.models.UserData@778b3e58]]>
              </value>
            </param>
          </params>
          <exception class="java.lang.AssertionError">
            <message>
              <![CDATA[The following asserts failed:
Expected actual to contain: Unsuccessful  - Email field should only accept input value with @ and '.' format  but was: Successfully registered the following information expected [true] but found [false],
expected [Monkey] but found [Monke],
expected [1234567890] but found [1234567891]]]>
            </message>
            <full-stacktrace>
              <![CDATA[java.lang.AssertionError: The following asserts failed:
Expected actual to contain: Unsuccessful  - Email field should only accept input value with @ and '.' format  but was: Successfully registered the following information expected [true] but found [false],
expected [Monkey] but found [Monke],
expected [1234567890] but found [1234567891]
at org.testng.asserts.SoftAssert.assertAll(SoftAssert.java:46)
at org.testng.asserts.SoftAssert.assertAll(SoftAssert.java:30)
at tests.DatacomBugsFormTestEmail.runEmailTest(DatacomBugsFormTestEmail.java:66)
at tests.DatacomBugsFormTestEmail.testInvalidInputEmail(DatacomBugsFormTestEmail.java:38)
at java.base/jdk.internal.reflect.DirectMethodHandleAccessor.invoke(DirectMethodHandleAccessor.java:103)
at java.base/java.lang.reflect.Method.invoke(Method.java:580)
at org.testng.internal.invokers.MethodInvocationHelper.invokeMethod(MethodInvocationHelper.java:141)
at org.testng.internal.invokers.TestInvoker.invokeMethod(TestInvoker.java:687)
at org.testng.internal.invokers.TestInvoker.invokeTestMethod(TestInvoker.java:230)
at org.testng.internal.invokers.TestMethodWithDataProviderMethodWorker.call(TestMethodWithDataProviderMethodWorker.java:81)
at org.testng.internal.thread.Async$AsyncTask.run(Async.java:34)
at java.base/java.util.concurrent.ThreadPoolExecutor.runWorker(ThreadPoolExecutor.java:1144)
at java.base/java.util.concurrent.ThreadPoolExecutor$Worker.run(ThreadPoolExecutor.java:642)
at java.base/java.lang.Thread.run(Thread.java:1583)
]]>
            </full-stacktrace>
          </exception> <!-- java.lang.AssertionError -->
          <reporter-output>
          </reporter-output>
        </test-method> <!-- testInvalidInputEmail -->
        <test-method is-config="true" signature="tearDown()[pri:0, instance:tests.DatacomBugsFormTestEmail@1f760b47]" started-at="2025-09-27T19:37:58 PST" name="tearDown" finished-at="2025-09-27T19:37:59 PST" duration-ms="775" status="PASS">
          <reporter-output>
          </reporter-output>
        </test-method> <!-- tearDown -->
        <test-method is-config="true" signature="setUp(java.lang.String,java.lang.reflect.Method)[pri:0, instance:tests.DatacomBugsFormTestEmail@1f760b47]" started-at="2025-09-27T19:37:59 PST" name="setUp" finished-at="2025-09-27T19:38:02 PST" duration-ms="2475" status="PASS">
          <params>
            <param index="0">
              <value>
                <![CDATA[chromium]]>
              </value>
            </param>
            <param index="1">
              <value>
                <![CDATA[public void tests.DatacomBugsFormTestEmail.testValidInputEmail(com.datacom.framework.models.UserData)]]>
              </value>
            </param>
          </params>
          <reporter-output>
          </reporter-output>
        </test-method> <!-- setUp -->
        <test-method signature="testValidInputEmail(com.datacom.framework.models.UserData)[pri:0, instance:tests.DatacomBugsFormTestEmail@1f760b47]" started-at="2025-09-27T19:38:02 PST" name="testValidInputEmail" data-provider="userDataProvider" finished-at="2025-09-27T19:38:05 PST" duration-ms="3445" status="FAIL">
          <params>
            <param index="0">
              <value>
                <![CDATA[com.datacom.framework.models.UserData@713883b6]]>
              </value>
            </param>
          </params>
          <exception class="java.lang.AssertionError">
            <message>
              <![CDATA[The following asserts failed:
expected [Monkey] but found [Monke],
expected [1234567890] but found [1234567891]]]>
            </message>
            <full-stacktrace>
              <![CDATA[java.lang.AssertionError: The following asserts failed:
expected [Monkey] but found [Monke],
expected [1234567890] but found [1234567891]
at org.testng.asserts.SoftAssert.assertAll(SoftAssert.java:46)
at org.testng.asserts.SoftAssert.assertAll(SoftAssert.java:30)
at tests.DatacomBugsFormTestEmail.runEmailTest(DatacomBugsFormTestEmail.java:66)
at tests.DatacomBugsFormTestEmail.testValidInputEmail(DatacomBugsFormTestEmail.java:33)
at java.base/jdk.internal.reflect.DirectMethodHandleAccessor.invoke(DirectMethodHandleAccessor.java:103)
at java.base/java.lang.reflect.Method.invoke(Method.java:580)
at org.testng.internal.invokers.MethodInvocationHelper.invokeMethod(MethodInvocationHelper.java:141)
at org.testng.internal.invokers.TestInvoker.invokeMethod(TestInvoker.java:687)
at org.testng.internal.invokers.TestInvoker.invokeTestMethod(TestInvoker.java:230)
at org.testng.internal.invokers.TestMethodWithDataProviderMethodWorker.call(TestMethodWithDataProviderMethodWorker.java:81)
at org.testng.internal.thread.Async$AsyncTask.run(Async.java:34)
at java.base/java.util.concurrent.ThreadPoolExecutor.runWorker(ThreadPoolExecutor.java:1144)
at java.base/java.util.concurrent.ThreadPoolExecutor$Worker.run(ThreadPoolExecutor.java:642)
at java.base/java.lang.Thread.run(Thread.java:1583)
]]>
            </full-stacktrace>
          </exception> <!-- java.lang.AssertionError -->
          <reporter-output>
          </reporter-output>
        </test-method> <!-- testValidInputEmail -->
        <test-method is-config="true" signature="setupTestObjects()[pri:0, instance:tests.DatacomBugsFormTestEmail@1f760b47]" started-at="2025-09-27T19:38:02 PST" name="setupTestObjects" finished-at="2025-09-27T19:38:02 PST" duration-ms="0" status="PASS">
          <reporter-output>
          </reporter-output>
        </test-method> <!-- setupTestObjects -->
        <test-method is-config="true" signature="tearDown()[pri:0, instance:tests.DatacomBugsFormTestEmail@1f760b47]" started-at="2025-09-27T19:38:05 PST" name="tearDown" finished-at="2025-09-27T19:38:06 PST" duration-ms="735" status="PASS">
          <reporter-output>
          </reporter-output>
        </test-method> <!-- tearDown -->
      </class> <!-- tests.DatacomBugsFormTestEmail -->
      <class name="tests.DatacomBugsFormTestCountry">
        <test-method is-config="true" signature="setUp(java.lang.String,java.lang.reflect.Method)[pri:0, instance:tests.DatacomBugsFormTestCountry@a8ef162]" started-at="2025-09-27T19:37:34 PST" name="setUp" finished-at="2025-09-27T19:37:46 PST" duration-ms="12075" status="PASS">
          <params>
            <param index="0">
              <value>
                <![CDATA[chromium]]>
              </value>
            </param>
            <param index="1">
              <value>
                <![CDATA[public void tests.DatacomBugsFormTestCountry.testCountryDropdownOptions()]]>
              </value>
            </param>
          </params>
          <reporter-output>
          </reporter-output>
        </test-method> <!-- setUp -->
        <test-method is-config="true" signature="setupPages()[pri:0, instance:tests.DatacomBugsFormTestCountry@a8ef162]" started-at="2025-09-27T19:37:46 PST" name="setupPages" finished-at="2025-09-27T19:37:46 PST" duration-ms="8" status="PASS">
          <reporter-output>
          </reporter-output>
        </test-method> <!-- setupPages -->
        <test-method signature="testCountryDropdownOptions()[pri:0, instance:tests.DatacomBugsFormTestCountry@a8ef162]" started-at="2025-09-27T19:37:46 PST" name="testCountryDropdownOptions" finished-at="2025-09-27T19:37:49 PST" duration-ms="3325" status="FAIL">
          <exception class="java.lang.AssertionError">
            <message>
              <![CDATA[The following asserts failed:
<span style='color:red;'> Invalid country: American Samoa,
<span style='color:red;'> Invalid country: Anguilla,
<span style='color:red;'> Invalid country: Antigua & Barbuda,
<span style='color:red;'> Invalid country: Aruba,
<span style='color:red;'> Invalid country: Bermuda,
<span style='color:red;'> Invalid country: Bonaire,
<span style='color:red;'> Invalid country: Bosnia & Herzegovina,
<span style='color:red;'> Invalid country: British Indian Ocean Ter,
<span style='color:red;'> Invalid country: Canary Islands,
<span style='color:red;'> Invalid country: Cape Verde,
<span style='color:red;'> Invalid country: Cayman Islands,
<span style='color:red;'> Invalid country: Channel Islands,
<span style='color:red;'> Invalid country: Christmas Island,
<span style='color:red;'> Invalid country: Cocos Island,
<span style='color:red;'> Invalid country: Congo,
<span style='color:red;'> Invalid country: Cook Islands,
<span style='color:red;'> Invalid country: Cote DIvoire,
<span style='color:red;'> Invalid country: Curacao,
<span style='color:red;'> Invalid country: Czech Republic,
<span style='color:red;'> Invalid country: East Timor,
<span style='color:red;'> Invalid country: Falkland Islands,
<span style='color:red;'> Invalid country: Faroe Islands,
<span style='color:red;'> Invalid country: French Guiana,
<span style='color:red;'> Invalid country: French Polynesia,
<span style='color:red;'> Invalid country: French Southern Ter,
<span style='color:red;'> Invalid country: Gibraltar,
<span style='color:red;'> Invalid country: Great Britain,
<span style='color:red;'> Invalid country: Greenland,
<span style='color:red;'> Invalid country: Guadeloupe,
<span style='color:red;'> Invalid country: Guam,
<span style='color:red;'> Invalid country: Hawaii,
<span style='color:red;'> Invalid country: Hong Kong,
<span style='color:red;'> Invalid country: Isle of Man,
<span style='color:red;'> Invalid country: Korea North,
<span style='color:red;'> Invalid country: Korea South,
<span style='color:red;'> Invalid country: Macau,
<span style='color:red;'> Invalid country: Macedonia,
<span style='color:red;'> Invalid country: Martinique,
<span style='color:red;'> Invalid country: Mayotte,
<span style='color:red;'> Invalid country: Midway Islands,
<span style='color:red;'> Invalid country: Montserrat,
<span style='color:red;'> Invalid country: Myanmar,
<span style='color:red;'> Invalid country: Nambia,
<span style='color:red;'> Invalid country: Netherland Antilles,
<span style='color:red;'> Invalid country: Netherlands (Holland, Europe),
<span style='color:red;'> Invalid country: Nevis,
<span style='color:red;'> Invalid country: New Caledonia,
<span style='color:red;'> Invalid country: Niue,
<span style='color:red;'> Invalid country: Norfolk Island,
<span style='color:red;'> Invalid country: Palau Island,
<span style='color:red;'> Invalid country: Palestine,
<span style='color:red;'> Invalid country: Pitcairn Island,
<span style='color:red;'> Invalid country: Puerto Rico,
<span style='color:red;'> Invalid country: Republic of Montenegro,
<span style='color:red;'> Invalid country: Republic of Serbia,
<span style='color:red;'> Invalid country: Reunion,
<span style='color:red;'> Invalid country: St Barthelemy,
<span style='color:red;'> Invalid country: St Eustatius,
<span style='color:red;'> Invalid country: St Helena,
<span style='color:red;'> Invalid country: St Kitts-Nevis,
<span style='color:red;'> Invalid country: St Lucia,
<span style='color:red;'> Invalid country: St Maarten,
<span style='color:red;'> Invalid country: St Pierre & Miquelon,
<span style='color:red;'> Invalid country: St Vincent & Grenadines,
<span style='color:red;'> Invalid country: Saipan,
<span style='color:red;'> Invalid country: Samoa American,
<span style='color:red;'> Invalid country: Sao Tome & Principe,
<span style='color:red;'> Invalid country: Swaziland,
<span style='color:red;'> Invalid country: Tahiti,
<span style='color:red;'> Invalid country: Taiwan,
<span style='color:red;'> Invalid country: Tokelau,
<span style='color:red;'> Invalid country: Trinidad & Tobago,
<span style='color:red;'> Invalid country: Turks & Caicos Is,
<span style='color:red;'> Invalid country: Vatican City State,
<span style='color:red;'> Invalid country: Virgin Islands (Brit),
<span style='color:red;'> Invalid country: Virgin Islands (USA),
<span style='color:red;'> Invalid country: Wake Island,
<span style='color:red;'> Invalid country: Wallis & Futana Is,
<span style='color:red;'> Invalid country: Zaire,
Missing country: Antigua and Barbuda,
Missing country: Bosnia and Herzegovina,
Missing country: Cabo Verde,
Missing country: Congo (Congo-Brazzaville),
Missing country: Côte d'Ivoire,
Missing country: Czechia (Czech Republic),
Missing country: Democratic Republic of the Congo,
Missing country: Eswatini (fmr. ""Swaziland""),
Missing country: Guinea-Bissau,
Missing country: Holy See,
Missing country: Micronesia,
Missing country: Montenegro,
Missing country: Myanmar (formerly Burma),
Missing country: Namibia,
Missing country: Netherlands,
Missing country: North Korea,
Missing country: North Macedonia,
Missing country: Palau,
Missing country: Palestine State,
Missing country: Saint Kitts and Nevis,
Missing country: Saint Lucia,
Missing country: Saint Vincent and the Grenadines,
Missing country: Sao Tome and Principe,
Missing country: Serbia,
Missing country: South Korea,
Missing country: South Sudan,
Missing country: Timor-Leste,
Missing country: Trinidad and Tobago]]>
            </message>
            <full-stacktrace>
              <![CDATA[java.lang.AssertionError: The following asserts failed:
<span style='color:red;'> Invalid country: American Samoa,
<span style='color:red;'> Invalid country: Anguilla,
<span style='color:red;'> Invalid country: Antigua & Barbuda,
<span style='color:red;'> Invalid country: Aruba,
<span style='color:red;'> Invalid country: Bermuda,
<span style='color:red;'> Invalid country: Bonaire,
<span style='color:red;'> Invalid country: Bosnia & Herzegovina,
<span style='color:red;'> Invalid country: British Indian Ocean Ter,
<span style='color:red;'> Invalid country: Canary Islands,
<span style='color:red;'> Invalid country: Cape Verde,
<span style='color:red;'> Invalid country: Cayman Islands,
<span style='color:red;'> Invalid country: Channel Islands,
<span style='color:red;'> Invalid country: Christmas Island,
<span style='color:red;'> Invalid country: Cocos Island,
<span style='color:red;'> Invalid country: Congo,
<span style='color:red;'> Invalid country: Cook Islands,
<span style='color:red;'> Invalid country: Cote DIvoire,
<span style='color:red;'> Invalid country: Curacao,
<span style='color:red;'> Invalid country: Czech Republic,
<span style='color:red;'> Invalid country: East Timor,
<span style='color:red;'> Invalid country: Falkland Islands,
<span style='color:red;'> Invalid country: Faroe Islands,
<span style='color:red;'> Invalid country: French Guiana,
<span style='color:red;'> Invalid country: French Polynesia,
<span style='color:red;'> Invalid country: French Southern Ter,
<span style='color:red;'> Invalid country: Gibraltar,
<span style='color:red;'> Invalid country: Great Britain,
<span style='color:red;'> Invalid country: Greenland,
<span style='color:red;'> Invalid country: Guadeloupe,
<span style='color:red;'> Invalid country: Guam,
<span style='color:red;'> Invalid country: Hawaii,
<span style='color:red;'> Invalid country: Hong Kong,
<span style='color:red;'> Invalid country: Isle of Man,
<span style='color:red;'> Invalid country: Korea North,
<span style='color:red;'> Invalid country: Korea South,
<span style='color:red;'> Invalid country: Macau,
<span style='color:red;'> Invalid country: Macedonia,
<span style='color:red;'> Invalid country: Martinique,
<span style='color:red;'> Invalid country: Mayotte,
<span style='color:red;'> Invalid country: Midway Islands,
<span style='color:red;'> Invalid country: Montserrat,
<span style='color:red;'> Invalid country: Myanmar,
<span style='color:red;'> Invalid country: Nambia,
<span style='color:red;'> Invalid country: Netherland Antilles,
<span style='color:red;'> Invalid country: Netherlands (Holland, Europe),
<span style='color:red;'> Invalid country: Nevis,
<span style='color:red;'> Invalid country: New Caledonia,
<span style='color:red;'> Invalid country: Niue,
<span style='color:red;'> Invalid country: Norfolk Island,
<span style='color:red;'> Invalid country: Palau Island,
<span style='color:red;'> Invalid country: Palestine,
<span style='color:red;'> Invalid country: Pitcairn Island,
<span style='color:red;'> Invalid country: Puerto Rico,
<span style='color:red;'> Invalid country: Republic of Montenegro,
<span style='color:red;'> Invalid country: Republic of Serbia,
<span style='color:red;'> Invalid country: Reunion,
<span style='color:red;'> Invalid country: St Barthelemy,
<span style='color:red;'> Invalid country: St Eustatius,
<span style='color:red;'> Invalid country: St Helena,
<span style='color:red;'> Invalid country: St Kitts-Nevis,
<span style='color:red;'> Invalid country: St Lucia,
<span style='color:red;'> Invalid country: St Maarten,
<span style='color:red;'> Invalid country: St Pierre & Miquelon,
<span style='color:red;'> Invalid country: St Vincent & Grenadines,
<span style='color:red;'> Invalid country: Saipan,
<span style='color:red;'> Invalid country: Samoa American,
<span style='color:red;'> Invalid country: Sao Tome & Principe,
<span style='color:red;'> Invalid country: Swaziland,
<span style='color:red;'> Invalid country: Tahiti,
<span style='color:red;'> Invalid country: Taiwan,
<span style='color:red;'> Invalid country: Tokelau,
<span style='color:red;'> Invalid country: Trinidad & Tobago,
<span style='color:red;'> Invalid country: Turks & Caicos Is,
<span style='color:red;'> Invalid country: Vatican City State,
<span style='color:red;'> Invalid country: Virgin Islands (Brit),
<span style='color:red;'> Invalid country: Virgin Islands (USA),
<span style='color:red;'> Invalid country: Wake Island,
<span style='color:red;'> Invalid country: Wallis & Futana Is,
<span style='color:red;'> Invalid country: Zaire,
Missing country: Antigua and Barbuda,
Missing country: Bosnia and Herzegovina,
Missing country: Cabo Verde,
Missing country: Congo (Congo-Brazzaville),
Missing country: Côte d'Ivoire,
Missing country: Czechia (Czech Republic),
Missing country: Democratic Republic of the Congo,
Missing country: Eswatini (fmr. ""Swaziland""),
Missing country: Guinea-Bissau,
Missing country: Holy See,
Missing country: Micronesia,
Missing country: Montenegro,
Missing country: Myanmar (formerly Burma),
Missing country: Namibia,
Missing country: Netherlands,
Missing country: North Korea,
Missing country: North Macedonia,
Missing country: Palau,
Missing country: Palestine State,
Missing country: Saint Kitts and Nevis,
Missing country: Saint Lucia,
Missing country: Saint Vincent and the Grenadines,
Missing country: Sao Tome and Principe,
Missing country: Serbia,
Missing country: South Korea,
Missing country: South Sudan,
Missing country: Timor-Leste,
Missing country: Trinidad and Tobago
at org.testng.asserts.SoftAssert.assertAll(SoftAssert.java:46)
at org.testng.asserts.SoftAssert.assertAll(SoftAssert.java:30)
at tests.DatacomBugsFormTestCountry.testCountryDropdownOptions(DatacomBugsFormTestCountry.java:67)
at java.base/jdk.internal.reflect.DirectMethodHandleAccessor.invoke(DirectMethodHandleAccessor.java:103)
at java.base/java.lang.reflect.Method.invoke(Method.java:580)
at org.testng.internal.invokers.MethodInvocationHelper.invokeMethod(MethodInvocationHelper.java:141)
at org.testng.internal.invokers.TestInvoker.invokeMethod(TestInvoker.java:687)
at org.testng.internal.invokers.TestInvoker.invokeTestMethod(TestInvoker.java:230)
at org.testng.internal.invokers.MethodRunner.runInSequence(MethodRunner.java:63)
at org.testng.internal.invokers.TestInvoker$MethodInvocationAgent.invoke(TestInvoker.java:995)
at org.testng.internal.invokers.TestInvoker.invokeTestMethods(TestInvoker.java:203)
at org.testng.internal.invokers.TestMethodWorker.invokeTestMethods(TestMethodWorker.java:154)
at org.testng.internal.invokers.TestMethodWorker.run(TestMethodWorker.java:134)
at java.base/java.util.concurrent.Executors$RunnableAdapter.call(Executors.java:572)
at java.base/java.util.concurrent.FutureTask.run(FutureTask.java:317)
at org.testng.internal.thread.graph.TestNGFutureTask.run(TestNGFutureTask.java:22)
at java.base/java.util.concurrent.ThreadPoolExecutor.runWorker(ThreadPoolExecutor.java:1144)
at java.base/java.util.concurrent.ThreadPoolExecutor$Worker.run(ThreadPoolExecutor.java:642)
at java.base/java.lang.Thread.run(Thread.java:1583)
]]>
            </full-stacktrace>
          </exception> <!-- java.lang.AssertionError -->
          <reporter-output>
          </reporter-output>
        </test-method> <!-- testCountryDropdownOptions -->
        <test-method is-config="true" signature="tearDown()[pri:0, instance:tests.DatacomBugsFormTestCountry@a8ef162]" started-at="2025-09-27T19:37:49 PST" name="tearDown" finished-at="2025-09-27T19:37:50 PST" duration-ms="1005" status="PASS">
          <reporter-output>
          </reporter-output>
        </test-method> <!-- tearDown -->
        <test-method is-config="true" signature="tearDownSuite()[pri:0, instance:tests.DatacomBugsFormTestCountry@a8ef162]" started-at="2025-09-27T19:38:20 PST" name="tearDownSuite" finished-at="2025-09-27T19:38:20 PST" duration-ms="39" status="PASS">
          <reporter-output>
          </reporter-output>
        </test-method> <!-- tearDownSuite -->
      </class> <!-- tests.DatacomBugsFormTestCountry -->
      <class name="tests.DatacomBugsFormTestPhoneNumber">
        <test-method is-config="true" signature="setUp(java.lang.String,java.lang.reflect.Method)[pri:0, instance:tests.DatacomBugsFormTestPhoneNumber@1cf56a1c]" started-at="2025-09-27T19:37:36 PST" name="setUp" finished-at="2025-09-27T19:37:46 PST" duration-ms="10402" status="PASS">
          <params>
            <param index="0">
              <value>
                <![CDATA[chromium]]>
              </value>
            </param>
            <param index="1">
              <value>
                <![CDATA[public void tests.DatacomBugsFormTestPhoneNumber.testEmptyInputPhone(com.datacom.framework.models.UserData)]]>
              </value>
            </param>
          </params>
          <reporter-output>
          </reporter-output>
        </test-method> <!-- setUp -->
        <test-method is-config="true" signature="setupTestObjects()[pri:0, instance:tests.DatacomBugsFormTestPhoneNumber@1cf56a1c]" started-at="2025-09-27T19:37:46 PST" name="setupTestObjects" finished-at="2025-09-27T19:37:46 PST" duration-ms="3" status="PASS">
          <reporter-output>
          </reporter-output>
        </test-method> <!-- setupTestObjects -->
        <test-method signature="testEmptyInputPhone(com.datacom.framework.models.UserData)[pri:0, instance:tests.DatacomBugsFormTestPhoneNumber@1cf56a1c]" started-at="2025-09-27T19:37:46 PST" name="testEmptyInputPhone" data-provider="userDataProvider" finished-at="2025-09-27T19:37:50 PST" duration-ms="3998" status="FAIL">
          <params>
            <param index="0">
              <value>
                <![CDATA[com.datacom.framework.models.UserData@1452d717]]>
              </value>
            </param>
          </params>
          <exception class="java.lang.AssertionError">
            <message>
              <![CDATA[The following asserts failed:
expected [Monkey] but found [],
expected [luffy@op.com] but found []]]>
            </message>
            <full-stacktrace>
              <![CDATA[java.lang.AssertionError: The following asserts failed:
expected [Monkey] but found [],
expected [luffy@op.com] but found []
at org.testng.asserts.SoftAssert.assertAll(SoftAssert.java:46)
at org.testng.asserts.SoftAssert.assertAll(SoftAssert.java:30)
at tests.DatacomBugsFormTestPhoneNumber.runPhoneTest(DatacomBugsFormTestPhoneNumber.java:70)
at tests.DatacomBugsFormTestPhoneNumber.testEmptyInputPhone(DatacomBugsFormTestPhoneNumber.java:48)
at java.base/jdk.internal.reflect.DirectMethodHandleAccessor.invoke(DirectMethodHandleAccessor.java:103)
at java.base/java.lang.reflect.Method.invoke(Method.java:580)
at org.testng.internal.invokers.MethodInvocationHelper.invokeMethod(MethodInvocationHelper.java:141)
at org.testng.internal.invokers.TestInvoker.invokeMethod(TestInvoker.java:687)
at org.testng.internal.invokers.TestInvoker.invokeTestMethod(TestInvoker.java:230)
at org.testng.internal.invokers.TestMethodWithDataProviderMethodWorker.call(TestMethodWithDataProviderMethodWorker.java:81)
at org.testng.internal.thread.Async$AsyncTask.run(Async.java:34)
at java.base/java.util.concurrent.ThreadPoolExecutor.runWorker(ThreadPoolExecutor.java:1144)
at java.base/java.util.concurrent.ThreadPoolExecutor$Worker.run(ThreadPoolExecutor.java:642)
at java.base/java.lang.Thread.run(Thread.java:1583)
]]>
            </full-stacktrace>
          </exception> <!-- java.lang.AssertionError -->
          <reporter-output>
          </reporter-output>
        </test-method> <!-- testEmptyInputPhone -->
        <test-method is-config="true" signature="tearDown()[pri:0, instance:tests.DatacomBugsFormTestPhoneNumber@1cf56a1c]" started-at="2025-09-27T19:37:50 PST" name="tearDown" finished-at="2025-09-27T19:37:52 PST" duration-ms="1174" status="PASS">
          <reporter-output>
          </reporter-output>
        </test-method> <!-- tearDown -->
        <test-method is-config="true" signature="setUp(java.lang.String,java.lang.reflect.Method)[pri:0, instance:tests.DatacomBugsFormTestPhoneNumber@1cf56a1c]" started-at="2025-09-27T19:37:52 PST" name="setUp" finished-at="2025-09-27T19:37:55 PST" duration-ms="2519" status="PASS">
          <params>
            <param index="0">
              <value>
                <![CDATA[chromium]]>
              </value>
            </param>
            <param index="1">
              <value>
                <![CDATA[public void tests.DatacomBugsFormTestPhoneNumber.testInvalidInputPhone(com.datacom.framework.models.UserData)]]>
              </value>
            </param>
          </params>
          <reporter-output>
          </reporter-output>
        </test-method> <!-- setUp -->
        <test-method is-config="true" signature="setupTestObjects()[pri:0, instance:tests.DatacomBugsFormTestPhoneNumber@1cf56a1c]" started-at="2025-09-27T19:37:55 PST" name="setupTestObjects" finished-at="2025-09-27T19:37:55 PST" duration-ms="1" status="PASS">
          <reporter-output>
          </reporter-output>
        </test-method> <!-- setupTestObjects -->
        <test-method signature="testInvalidInputPhone(com.datacom.framework.models.UserData)[pri:0, instance:tests.DatacomBugsFormTestPhoneNumber@1cf56a1c]" started-at="2025-09-27T19:37:55 PST" name="testInvalidInputPhone" data-provider="userDataProvider" finished-at="2025-09-27T19:37:58 PST" duration-ms="3441" status="FAIL">
          <params>
            <param index="0">
              <value>
                <![CDATA[com.datacom.framework.models.UserData@54e7d2fb]]>
              </value>
            </param>
          </params>
          <exception class="java.lang.AssertionError">
            <message>
              <![CDATA[The following asserts failed:
Expected actual to contain: Unsuccessful - Phone Number field should only accept numeric values  but was: Successfully registered the following information expected [true] but found [false],
expected [Monkey] but found [Monke],
expected [QWERTY!@#$%] but found [QWERTY!@#$NaN]]]>
            </message>
            <full-stacktrace>
              <![CDATA[java.lang.AssertionError: The following asserts failed:
Expected actual to contain: Unsuccessful - Phone Number field should only accept numeric values  but was: Successfully registered the following information expected [true] but found [false],
expected [Monkey] but found [Monke],
expected [QWERTY!@#$%] but found [QWERTY!@#$NaN]
at org.testng.asserts.SoftAssert.assertAll(SoftAssert.java:46)
at org.testng.asserts.SoftAssert.assertAll(SoftAssert.java:30)
at tests.DatacomBugsFormTestPhoneNumber.runPhoneTest(DatacomBugsFormTestPhoneNumber.java:70)
at tests.DatacomBugsFormTestPhoneNumber.testInvalidInputPhone(DatacomBugsFormTestPhoneNumber.java:38)
at java.base/jdk.internal.reflect.DirectMethodHandleAccessor.invoke(DirectMethodHandleAccessor.java:103)
at java.base/java.lang.reflect.Method.invoke(Method.java:580)
at org.testng.internal.invokers.MethodInvocationHelper.invokeMethod(MethodInvocationHelper.java:141)
at org.testng.internal.invokers.TestInvoker.invokeMethod(TestInvoker.java:687)
at org.testng.internal.invokers.TestInvoker.invokeTestMethod(TestInvoker.java:230)
at org.testng.internal.invokers.TestMethodWithDataProviderMethodWorker.call(TestMethodWithDataProviderMethodWorker.java:81)
at org.testng.internal.thread.Async$AsyncTask.run(Async.java:34)
at java.base/java.util.concurrent.ThreadPoolExecutor.runWorker(ThreadPoolExecutor.java:1144)
at java.base/java.util.concurrent.ThreadPoolExecutor$Worker.run(ThreadPoolExecutor.java:642)
at java.base/java.lang.Thread.run(Thread.java:1583)
]]>
            </full-stacktrace>
          </exception> <!-- java.lang.AssertionError -->
          <reporter-output>
          </reporter-output>
        </test-method> <!-- testInvalidInputPhone -->
        <test-method is-config="true" signature="tearDown()[pri:0, instance:tests.DatacomBugsFormTestPhoneNumber@1cf56a1c]" started-at="2025-09-27T19:37:58 PST" name="tearDown" finished-at="2025-09-27T19:37:59 PST" duration-ms="1263" status="PASS">
          <reporter-output>
          </reporter-output>
        </test-method> <!-- tearDown -->
        <test-method is-config="true" signature="setUp(java.lang.String,java.lang.reflect.Method)[pri:0, instance:tests.DatacomBugsFormTestPhoneNumber@1cf56a1c]" started-at="2025-09-27T19:38:00 PST" name="setUp" finished-at="2025-09-27T19:38:02 PST" duration-ms="2830" status="PASS">
          <params>
            <param index="0">
              <value>
                <![CDATA[chromium]]>
              </value>
            </param>
            <param index="1">
              <value>
                <![CDATA[public void tests.DatacomBugsFormTestPhoneNumber.testLessMinimumInputPhone(com.datacom.framework.models.UserData)]]>
              </value>
            </param>
          </params>
          <reporter-output>
          </reporter-output>
        </test-method> <!-- setUp -->
        <test-method is-config="true" signature="setupTestObjects()[pri:0, instance:tests.DatacomBugsFormTestPhoneNumber@1cf56a1c]" started-at="2025-09-27T19:38:02 PST" name="setupTestObjects" finished-at="2025-09-27T19:38:02 PST" duration-ms="1" status="PASS">
          <reporter-output>
          </reporter-output>
        </test-method> <!-- setupTestObjects -->
        <test-method signature="testLessMinimumInputPhone(com.datacom.framework.models.UserData)[pri:0, instance:tests.DatacomBugsFormTestPhoneNumber@1cf56a1c]" started-at="2025-09-27T19:38:02 PST" name="testLessMinimumInputPhone" data-provider="userDataProvider" finished-at="2025-09-27T19:38:06 PST" duration-ms="3672" status="FAIL">
          <params>
            <param index="0">
              <value>
                <![CDATA[com.datacom.framework.models.UserData@3230d370]]>
              </value>
            </param>
          </params>
          <exception class="java.lang.AssertionError">
            <message>
              <![CDATA[The following asserts failed:
expected [Monkey] but found [],
expected [123456789] but found [],
expected [luffy@op.com] but found []]]>
            </message>
            <full-stacktrace>
              <![CDATA[java.lang.AssertionError: The following asserts failed:
expected [Monkey] but found [],
expected [123456789] but found [],
expected [luffy@op.com] but found []
at org.testng.asserts.SoftAssert.assertAll(SoftAssert.java:46)
at org.testng.asserts.SoftAssert.assertAll(SoftAssert.java:30)
at tests.DatacomBugsFormTestPhoneNumber.runPhoneTest(DatacomBugsFormTestPhoneNumber.java:70)
at tests.DatacomBugsFormTestPhoneNumber.testLessMinimumInputPhone(DatacomBugsFormTestPhoneNumber.java:43)
at java.base/jdk.internal.reflect.DirectMethodHandleAccessor.invoke(DirectMethodHandleAccessor.java:103)
at java.base/java.lang.reflect.Method.invoke(Method.java:580)
at org.testng.internal.invokers.MethodInvocationHelper.invokeMethod(MethodInvocationHelper.java:141)
at org.testng.internal.invokers.TestInvoker.invokeMethod(TestInvoker.java:687)
at org.testng.internal.invokers.TestInvoker.invokeTestMethod(TestInvoker.java:230)
at org.testng.internal.invokers.TestMethodWithDataProviderMethodWorker.call(TestMethodWithDataProviderMethodWorker.java:81)
at org.testng.internal.thread.Async$AsyncTask.run(Async.java:34)
at java.base/java.util.concurrent.ThreadPoolExecutor.runWorker(ThreadPoolExecutor.java:1144)
at java.base/java.util.concurrent.ThreadPoolExecutor$Worker.run(ThreadPoolExecutor.java:642)
at java.base/java.lang.Thread.run(Thread.java:1583)
]]>
            </full-stacktrace>
          </exception> <!-- java.lang.AssertionError -->
          <reporter-output>
          </reporter-output>
        </test-method> <!-- testLessMinimumInputPhone -->
        <test-method is-config="true" signature="tearDown()[pri:0, instance:tests.DatacomBugsFormTestPhoneNumber@1cf56a1c]" started-at="2025-09-27T19:38:06 PST" name="tearDown" finished-at="2025-09-27T19:38:07 PST" duration-ms="1116" status="PASS">
          <reporter-output>
          </reporter-output>
        </test-method> <!-- tearDown -->
        <test-method is-config="true" signature="setUp(java.lang.String,java.lang.reflect.Method)[pri:0, instance:tests.DatacomBugsFormTestPhoneNumber@1cf56a1c]" started-at="2025-09-27T19:38:07 PST" name="setUp" finished-at="2025-09-27T19:38:10 PST" duration-ms="2241" status="PASS">
          <params>
            <param index="0">
              <value>
                <![CDATA[chromium]]>
              </value>
            </param>
            <param index="1">
              <value>
                <![CDATA[public void tests.DatacomBugsFormTestPhoneNumber.testValidInputPhone(com.datacom.framework.models.UserData)]]>
              </value>
            </param>
          </params>
          <reporter-output>
          </reporter-output>
        </test-method> <!-- setUp -->
        <test-method is-config="true" signature="setupTestObjects()[pri:0, instance:tests.DatacomBugsFormTestPhoneNumber@1cf56a1c]" started-at="2025-09-27T19:38:10 PST" name="setupTestObjects" finished-at="2025-09-27T19:38:10 PST" duration-ms="0" status="PASS">
          <reporter-output>
          </reporter-output>
        </test-method> <!-- setupTestObjects -->
        <test-method signature="testValidInputPhone(com.datacom.framework.models.UserData)[pri:0, instance:tests.DatacomBugsFormTestPhoneNumber@1cf56a1c]" started-at="2025-09-27T19:38:10 PST" name="testValidInputPhone" data-provider="userDataProvider" finished-at="2025-09-27T19:38:12 PST" duration-ms="2276" status="FAIL">
          <params>
            <param index="0">
              <value>
                <![CDATA[com.datacom.framework.models.UserData@4a676dec]]>
              </value>
            </param>
          </params>
          <exception class="java.lang.AssertionError">
            <message>
              <![CDATA[The following asserts failed:
expected [Monkey] but found [Monke],
expected [1234567890] but found [1234567891]]]>
            </message>
            <full-stacktrace>
              <![CDATA[java.lang.AssertionError: The following asserts failed:
expected [Monkey] but found [Monke],
expected [1234567890] but found [1234567891]
at org.testng.asserts.SoftAssert.assertAll(SoftAssert.java:46)
at org.testng.asserts.SoftAssert.assertAll(SoftAssert.java:30)
at tests.DatacomBugsFormTestPhoneNumber.runPhoneTest(DatacomBugsFormTestPhoneNumber.java:70)
at tests.DatacomBugsFormTestPhoneNumber.testValidInputPhone(DatacomBugsFormTestPhoneNumber.java:33)
at java.base/jdk.internal.reflect.DirectMethodHandleAccessor.invoke(DirectMethodHandleAccessor.java:103)
at java.base/java.lang.reflect.Method.invoke(Method.java:580)
at org.testng.internal.invokers.MethodInvocationHelper.invokeMethod(MethodInvocationHelper.java:141)
at org.testng.internal.invokers.TestInvoker.invokeMethod(TestInvoker.java:687)
at org.testng.internal.invokers.TestInvoker.invokeTestMethod(TestInvoker.java:230)
at org.testng.internal.invokers.TestMethodWithDataProviderMethodWorker.call(TestMethodWithDataProviderMethodWorker.java:81)
at org.testng.internal.thread.Async$AsyncTask.run(Async.java:34)
at java.base/java.util.concurrent.ThreadPoolExecutor.runWorker(ThreadPoolExecutor.java:1144)
at java.base/java.util.concurrent.ThreadPoolExecutor$Worker.run(ThreadPoolExecutor.java:642)
at java.base/java.lang.Thread.run(Thread.java:1583)
]]>
            </full-stacktrace>
          </exception> <!-- java.lang.AssertionError -->
          <reporter-output>
          </reporter-output>
        </test-method> <!-- testValidInputPhone -->
        <test-method is-config="true" signature="tearDown()[pri:0, instance:tests.DatacomBugsFormTestPhoneNumber@1cf56a1c]" started-at="2025-09-27T19:38:12 PST" name="tearDown" finished-at="2025-09-27T19:38:13 PST" duration-ms="903" status="PASS">
          <reporter-output>
          </reporter-output>
        </test-method> <!-- tearDown -->
      </class> <!-- tests.DatacomBugsFormTestPhoneNumber -->
      <class name="tests.DatacomBugsFormTestPassword">
        <test-method is-config="true" signature="setUp(java.lang.String,java.lang.reflect.Method)[pri:0, instance:tests.DatacomBugsFormTestPassword@3cce57c7]" started-at="2025-09-27T19:37:36 PST" name="setUp" finished-at="2025-09-27T19:37:46 PST" duration-ms="9590" status="PASS">
          <params>
            <param index="0">
              <value>
                <![CDATA[chromium]]>
              </value>
            </param>
            <param index="1">
              <value>
                <![CDATA[public void tests.DatacomBugsFormTestPassword.testEmptyInputPassword(com.datacom.framework.models.UserData)]]>
              </value>
            </param>
          </params>
          <reporter-output>
          </reporter-output>
        </test-method> <!-- setUp -->
        <test-method is-config="true" signature="setupTestObjects()[pri:0, instance:tests.DatacomBugsFormTestPassword@3cce57c7]" started-at="2025-09-27T19:37:46 PST" name="setupTestObjects" finished-at="2025-09-27T19:37:46 PST" duration-ms="28" status="PASS">
          <reporter-output>
          </reporter-output>
        </test-method> <!-- setupTestObjects -->
        <test-method signature="testEmptyInputPassword(com.datacom.framework.models.UserData)[pri:0, instance:tests.DatacomBugsFormTestPassword@3cce57c7]" started-at="2025-09-27T19:37:46 PST" name="testEmptyInputPassword" data-provider="userDataProvider" finished-at="2025-09-27T19:37:50 PST" duration-ms="4845" status="PASS">
          <params>
            <param index="0">
              <value>
                <![CDATA[com.datacom.framework.models.UserData@e5aee39]]>
              </value>
            </param>
          </params>
          <reporter-output>
          </reporter-output>
        </test-method> <!-- testEmptyInputPassword -->
        <test-method is-config="true" signature="tearDown()[pri:0, instance:tests.DatacomBugsFormTestPassword@3cce57c7]" started-at="2025-09-27T19:37:50 PST" name="tearDown" finished-at="2025-09-27T19:37:52 PST" duration-ms="1785" status="PASS">
          <reporter-output>
          </reporter-output>
        </test-method> <!-- tearDown -->
        <test-method is-config="true" signature="setUp(java.lang.String,java.lang.reflect.Method)[pri:0, instance:tests.DatacomBugsFormTestPassword@3cce57c7]" started-at="2025-09-27T19:37:52 PST" name="setUp" finished-at="2025-09-27T19:37:55 PST" duration-ms="2450" status="PASS">
          <params>
            <param index="0">
              <value>
                <![CDATA[chromium]]>
              </value>
            </param>
            <param index="1">
              <value>
                <![CDATA[public void tests.DatacomBugsFormTestPassword.testLessMinimumInputPassword(com.datacom.framework.models.UserData)]]>
              </value>
            </param>
          </params>
          <reporter-output>
          </reporter-output>
        </test-method> <!-- setUp -->
        <test-method is-config="true" signature="setupTestObjects()[pri:0, instance:tests.DatacomBugsFormTestPassword@3cce57c7]" started-at="2025-09-27T19:37:55 PST" name="setupTestObjects" finished-at="2025-09-27T19:37:55 PST" duration-ms="0" status="PASS">
          <reporter-output>
          </reporter-output>
        </test-method> <!-- setupTestObjects -->
        <test-method signature="testLessMinimumInputPassword(com.datacom.framework.models.UserData)[pri:0, instance:tests.DatacomBugsFormTestPassword@3cce57c7]" started-at="2025-09-27T19:37:55 PST" name="testLessMinimumInputPassword" data-provider="userDataProvider" finished-at="2025-09-27T19:37:58 PST" duration-ms="3599" status="PASS">
          <params>
            <param index="0">
              <value>
                <![CDATA[com.datacom.framework.models.UserData@42bb7254]]>
              </value>
            </param>
          </params>
          <reporter-output>
          </reporter-output>
        </test-method> <!-- testLessMinimumInputPassword -->
        <test-method is-config="true" signature="tearDown()[pri:0, instance:tests.DatacomBugsFormTestPassword@3cce57c7]" started-at="2025-09-27T19:37:58 PST" name="tearDown" finished-at="2025-09-27T19:37:59 PST" duration-ms="813" status="PASS">
          <reporter-output>
          </reporter-output>
        </test-method> <!-- tearDown -->
        <test-method is-config="true" signature="setUp(java.lang.String,java.lang.reflect.Method)[pri:0, instance:tests.DatacomBugsFormTestPassword@3cce57c7]" started-at="2025-09-27T19:37:59 PST" name="setUp" finished-at="2025-09-27T19:38:02 PST" duration-ms="2261" status="PASS">
          <params>
            <param index="0">
              <value>
                <![CDATA[chromium]]>
              </value>
            </param>
            <param index="1">
              <value>
                <![CDATA[public void tests.DatacomBugsFormTestPassword.testMoreThanMaxInputPassword(com.datacom.framework.models.UserData)]]>
              </value>
            </param>
          </params>
          <reporter-output>
          </reporter-output>
        </test-method> <!-- setUp -->
        <test-method signature="testMoreThanMaxInputPassword(com.datacom.framework.models.UserData)[pri:0, instance:tests.DatacomBugsFormTestPassword@3cce57c7]" started-at="2025-09-27T19:38:02 PST" name="testMoreThanMaxInputPassword" data-provider="userDataProvider" finished-at="2025-09-27T19:38:06 PST" duration-ms="4659" status="PASS">
          <params>
            <param index="0">
              <value>
                <![CDATA[com.datacom.framework.models.UserData@5dd05269]]>
              </value>
            </param>
          </params>
          <reporter-output>
          </reporter-output>
        </test-method> <!-- testMoreThanMaxInputPassword -->
        <test-method is-config="true" signature="setupTestObjects()[pri:0, instance:tests.DatacomBugsFormTestPassword@3cce57c7]" started-at="2025-09-27T19:38:02 PST" name="setupTestObjects" finished-at="2025-09-27T19:38:02 PST" duration-ms="0" status="PASS">
          <reporter-output>
          </reporter-output>
        </test-method> <!-- setupTestObjects -->
        <test-method is-config="true" signature="tearDown()[pri:0, instance:tests.DatacomBugsFormTestPassword@3cce57c7]" started-at="2025-09-27T19:38:06 PST" name="tearDown" finished-at="2025-09-27T19:38:07 PST" duration-ms="809" status="PASS">
          <reporter-output>
          </reporter-output>
        </test-method> <!-- tearDown -->
        <test-method is-config="true" signature="setUp(java.lang.String,java.lang.reflect.Method)[pri:0, instance:tests.DatacomBugsFormTestPassword@3cce57c7]" started-at="2025-09-27T19:38:07 PST" name="setUp" finished-at="2025-09-27T19:38:10 PST" duration-ms="2408" status="PASS">
          <params>
            <param index="0">
              <value>
                <![CDATA[chromium]]>
              </value>
            </param>
            <param index="1">
              <value>
                <![CDATA[public void tests.DatacomBugsFormTestPassword.testValidInputPassword(com.datacom.framework.models.UserData)]]>
              </value>
            </param>
          </params>
          <reporter-output>
          </reporter-output>
        </test-method> <!-- setUp -->
        <test-method signature="testValidInputPassword(com.datacom.framework.models.UserData)[pri:0, instance:tests.DatacomBugsFormTestPassword@3cce57c7]" started-at="2025-09-27T19:38:10 PST" name="testValidInputPassword" data-provider="userDataProvider" finished-at="2025-09-27T19:38:12 PST" duration-ms="2457" status="FAIL">
          <params>
            <param index="0">
              <value>
                <![CDATA[com.datacom.framework.models.UserData@6934ed95]]>
              </value>
            </param>
          </params>
          <exception class="java.lang.AssertionError">
            <message>
              <![CDATA[The following asserts failed:
expected [Monkey] but found [Monke],
expected [1234567890] but found [1234567891]]]>
            </message>
            <full-stacktrace>
              <![CDATA[java.lang.AssertionError: The following asserts failed:
expected [Monkey] but found [Monke],
expected [1234567890] but found [1234567891]
at org.testng.asserts.SoftAssert.assertAll(SoftAssert.java:46)
at org.testng.asserts.SoftAssert.assertAll(SoftAssert.java:30)
at tests.DatacomBugsFormTestPassword.runPasswordTest(DatacomBugsFormTestPassword.java:70)
at tests.DatacomBugsFormTestPassword.testValidInputPassword(DatacomBugsFormTestPassword.java:33)
at java.base/jdk.internal.reflect.DirectMethodHandleAccessor.invoke(DirectMethodHandleAccessor.java:103)
at java.base/java.lang.reflect.Method.invoke(Method.java:580)
at org.testng.internal.invokers.MethodInvocationHelper.invokeMethod(MethodInvocationHelper.java:141)
at org.testng.internal.invokers.TestInvoker.invokeMethod(TestInvoker.java:687)
at org.testng.internal.invokers.TestInvoker.invokeTestMethod(TestInvoker.java:230)
at org.testng.internal.invokers.TestMethodWithDataProviderMethodWorker.call(TestMethodWithDataProviderMethodWorker.java:81)
at org.testng.internal.thread.Async$AsyncTask.run(Async.java:34)
at java.base/java.util.concurrent.ThreadPoolExecutor.runWorker(ThreadPoolExecutor.java:1144)
at java.base/java.util.concurrent.ThreadPoolExecutor$Worker.run(ThreadPoolExecutor.java:642)
at java.base/java.lang.Thread.run(Thread.java:1583)
]]>
            </full-stacktrace>
          </exception> <!-- java.lang.AssertionError -->
          <reporter-output>
          </reporter-output>
        </test-method> <!-- testValidInputPassword -->
        <test-method is-config="true" signature="setupTestObjects()[pri:0, instance:tests.DatacomBugsFormTestPassword@3cce57c7]" started-at="2025-09-27T19:38:10 PST" name="setupTestObjects" finished-at="2025-09-27T19:38:10 PST" duration-ms="0" status="PASS">
          <reporter-output>
          </reporter-output>
        </test-method> <!-- setupTestObjects -->
        <test-method is-config="true" signature="tearDown()[pri:0, instance:tests.DatacomBugsFormTestPassword@3cce57c7]" started-at="2025-09-27T19:38:12 PST" name="tearDown" finished-at="2025-09-27T19:38:13 PST" duration-ms="800" status="PASS">
          <reporter-output>
          </reporter-output>
        </test-method> <!-- tearDown -->
      </class> <!-- tests.DatacomBugsFormTestPassword -->
    </test> <!-- Smoke Testing Suite -->
  </suite> <!-- PlaywrightSuite -->
</testng-results>
