<?xml version="1.0" encoding="UTF-8"?>
<!-- Generated by org.testng.reporters.JUnitReportReporter -->
<testsuite hostname="IAmTheKing" failures="4" tests="4" name="tests.DatacomBugsFormTestPhoneNumber" time="35.840" errors="0" timestamp="2025-09-27T19:38:20 PST" skipped="0">
  <testcase classname="tests.DatacomBugsFormTestPhoneNumber" name="testLessMinimumInputPhone" time="15.337">
    <failure message="The following asserts failed:
	expected [Monkey] but found [],
	expected [123456789] but found [],
	expected [luffy@op.com] but found []" type="java.lang.AssertionError">
      <![CDATA[java.lang.AssertionError: The following asserts failed:
expected [Monkey] but found [],
expected [123456789] but found [],
expected [luffy@op.com] but found []
at org.testng.asserts.SoftAssert.assertAll(SoftAssert.java:46)
at org.testng.asserts.SoftAssert.assertAll(SoftAssert.java:30)
at tests.DatacomBugsFormTestPhoneNumber.runPhoneTest(DatacomBugsFormTestPhoneNumber.java:70)
at tests.DatacomBugsFormTestPhoneNumber.testLessMinimumInputPhone(DatacomBugsFormTestPhoneNumber.java:43)
at java.base/jdk.internal.reflect.DirectMethodHandleAccessor.invoke(DirectMethodHandleAccessor.java:103)
at java.base/java.lang.reflect.Method.invoke(Method.java:580)
at org.testng.internal.invokers.MethodInvocationHelper.invokeMethod(MethodInvocationHelper.java:141)
at org.testng.internal.invokers.TestInvoker.invokeMethod(TestInvoker.java:687)
at org.testng.internal.invokers.TestInvoker.invokeTestMethod(TestInvoker.java:230)
at org.testng.internal.invokers.TestMethodWithDataProviderMethodWorker.call(TestMethodWithDataProviderMethodWorker.java:81)
at org.testng.internal.thread.Async$AsyncTask.run(Async.java:34)
at java.base/java.util.concurrent.ThreadPoolExecutor.runWorker(ThreadPoolExecutor.java:1144)
at java.base/java.util.concurrent.ThreadPoolExecutor$Worker.run(ThreadPoolExecutor.java:642)
at java.base/java.lang.Thread.run(Thread.java:1583)
]]>
    </failure>
  </testcase> <!-- testLessMinimumInputPhone -->
  <testcase classname="tests.DatacomBugsFormTestPhoneNumber" name="testInvalidInputPhone" time="6.857">
    <failure message="The following asserts failed:
	Expected actual to contain: Unsuccessful - Phone Number field should only accept numeric values  but was: Successfully registered the following information expected [true] but found [false],
	expected [Monkey] but found [Monke],
	expected [QWERTY!@#$%] but found [QWERTY!@#$NaN]" type="java.lang.AssertionError">
      <![CDATA[java.lang.AssertionError: The following asserts failed:
Expected actual to contain: Unsuccessful - Phone Number field should only accept numeric values  but was: Successfully registered the following information expected [true] but found [false],
expected [Monkey] but found [Monke],
expected [QWERTY!@#$%] but found [QWERTY!@#$NaN]
at org.testng.asserts.SoftAssert.assertAll(SoftAssert.java:46)
at org.testng.asserts.SoftAssert.assertAll(SoftAssert.java:30)
at tests.DatacomBugsFormTestPhoneNumber.runPhoneTest(DatacomBugsFormTestPhoneNumber.java:70)
at tests.DatacomBugsFormTestPhoneNumber.testInvalidInputPhone(DatacomBugsFormTestPhoneNumber.java:38)
at java.base/jdk.internal.reflect.DirectMethodHandleAccessor.invoke(DirectMethodHandleAccessor.java:103)
at java.base/java.lang.reflect.Method.invoke(Method.java:580)
at org.testng.internal.invokers.MethodInvocationHelper.invokeMethod(MethodInvocationHelper.java:141)
at org.testng.internal.invokers.TestInvoker.invokeMethod(TestInvoker.java:687)
at org.testng.internal.invokers.TestInvoker.invokeTestMethod(TestInvoker.java:230)
at org.testng.internal.invokers.TestMethodWithDataProviderMethodWorker.call(TestMethodWithDataProviderMethodWorker.java:81)
at org.testng.internal.thread.Async$AsyncTask.run(Async.java:34)
at java.base/java.util.concurrent.ThreadPoolExecutor.runWorker(ThreadPoolExecutor.java:1144)
at java.base/java.util.concurrent.ThreadPoolExecutor$Worker.run(ThreadPoolExecutor.java:642)
at java.base/java.lang.Thread.run(Thread.java:1583)
]]>
    </failure>
  </testcase> <!-- testInvalidInputPhone -->
  <testcase classname="tests.DatacomBugsFormTestPhoneNumber" name="testValidInputPhone" time="6.223">
    <failure message="The following asserts failed:
	expected [Monkey] but found [Monke],
	expected [1234567890] but found [1234567891]" type="java.lang.AssertionError">
      <![CDATA[java.lang.AssertionError: The following asserts failed:
expected [Monkey] but found [Monke],
expected [1234567890] but found [1234567891]
at org.testng.asserts.SoftAssert.assertAll(SoftAssert.java:46)
at org.testng.asserts.SoftAssert.assertAll(SoftAssert.java:30)
at tests.DatacomBugsFormTestPhoneNumber.runPhoneTest(DatacomBugsFormTestPhoneNumber.java:70)
at tests.DatacomBugsFormTestPhoneNumber.testValidInputPhone(DatacomBugsFormTestPhoneNumber.java:33)
at java.base/jdk.internal.reflect.DirectMethodHandleAccessor.invoke(DirectMethodHandleAccessor.java:103)
at java.base/java.lang.reflect.Method.invoke(Method.java:580)
at org.testng.internal.invokers.MethodInvocationHelper.invokeMethod(MethodInvocationHelper.java:141)
at org.testng.internal.invokers.TestInvoker.invokeMethod(TestInvoker.java:687)
at org.testng.internal.invokers.TestInvoker.invokeTestMethod(TestInvoker.java:230)
at org.testng.internal.invokers.TestMethodWithDataProviderMethodWorker.call(TestMethodWithDataProviderMethodWorker.java:81)
at org.testng.internal.thread.Async$AsyncTask.run(Async.java:34)
at java.base/java.util.concurrent.ThreadPoolExecutor.runWorker(ThreadPoolExecutor.java:1144)
at java.base/java.util.concurrent.ThreadPoolExecutor$Worker.run(ThreadPoolExecutor.java:642)
at java.base/java.lang.Thread.run(Thread.java:1583)
]]>
    </failure>
  </testcase> <!-- testValidInputPhone -->
  <testcase classname="tests.DatacomBugsFormTestPhoneNumber" name="testEmptyInputPhone" time="7.423">
    <failure message="The following asserts failed:
	expected [Monkey] but found [],
	expected [luffy@op.com] but found []" type="java.lang.AssertionError">
      <![CDATA[java.lang.AssertionError: The following asserts failed:
expected [Monkey] but found [],
expected [luffy@op.com] but found []
at org.testng.asserts.SoftAssert.assertAll(SoftAssert.java:46)
at org.testng.asserts.SoftAssert.assertAll(SoftAssert.java:30)
at tests.DatacomBugsFormTestPhoneNumber.runPhoneTest(DatacomBugsFormTestPhoneNumber.java:70)
at tests.DatacomBugsFormTestPhoneNumber.testEmptyInputPhone(DatacomBugsFormTestPhoneNumber.java:48)
at java.base/jdk.internal.reflect.DirectMethodHandleAccessor.invoke(DirectMethodHandleAccessor.java:103)
at java.base/java.lang.reflect.Method.invoke(Method.java:580)
at org.testng.internal.invokers.MethodInvocationHelper.invokeMethod(MethodInvocationHelper.java:141)
at org.testng.internal.invokers.TestInvoker.invokeMethod(TestInvoker.java:687)
at org.testng.internal.invokers.TestInvoker.invokeTestMethod(TestInvoker.java:230)
at org.testng.internal.invokers.TestMethodWithDataProviderMethodWorker.call(TestMethodWithDataProviderMethodWorker.java:81)
at org.testng.internal.thread.Async$AsyncTask.run(Async.java:34)
at java.base/java.util.concurrent.ThreadPoolExecutor.runWorker(ThreadPoolExecutor.java:1144)
at java.base/java.util.concurrent.ThreadPoolExecutor$Worker.run(ThreadPoolExecutor.java:642)
at java.base/java.lang.Thread.run(Thread.java:1583)
]]>
    </failure>
  </testcase> <!-- testEmptyInputPhone -->
</testsuite> <!-- tests.DatacomBugsFormTestPhoneNumber -->
