<?xml version="1.0" encoding="UTF-8"?>
<!-- Generated by org.testng.reporters.JUnitReportReporter -->
<testsuite hostname="IAmTheKing" failures="1" tests="1" name="tests.DatacomBugsFormTestCountry" time="16.413" errors="0" timestamp="2025-09-27T19:38:20 PST" skipped="0">
  <testcase classname="tests.DatacomBugsFormTestCountry" name="testCountryDropdownOptions" time="16.413">
    <failure message="The following asserts failed:
	&lt;span style=&#039;color:red;&#039;&gt; Invalid country: American Samoa,
	&lt;span style=&#039;color:red;&#039;&gt; Invalid country: Anguilla,
	&lt;span style=&#039;color:red;&#039;&gt; Invalid country: Antigua &amp; Barbuda,
	&lt;span style=&#039;color:red;&#039;&gt; Invalid country: Aruba,
	&lt;span style=&#039;color:red;&#039;&gt; Invalid country: Bermuda,
	&lt;span style=&#039;color:red;&#039;&gt; Invalid country: Bonaire,
	&lt;span style=&#039;color:red;&#039;&gt; Invalid country: Bosnia &amp; Herzegovina,
	&lt;span style=&#039;color:red;&#039;&gt; Invalid country: British Indian Ocean Ter,
	&lt;span style=&#039;color:red;&#039;&gt; Invalid country: Canary Islands,
	&lt;span style=&#039;color:red;&#039;&gt; Invalid country: Cape Verde,
	&lt;span style=&#039;color:red;&#039;&gt; Invalid country: Cayman Islands,
	&lt;span style=&#039;color:red;&#039;&gt; Invalid country: Channel Islands,
	&lt;span style=&#039;color:red;&#039;&gt; Invalid country: Christmas Island,
	&lt;span style=&#039;color:red;&#039;&gt; Invalid country: Cocos Island,
	&lt;span style=&#039;color:red;&#039;&gt; Invalid country: Congo,
	&lt;span style=&#039;color:red;&#039;&gt; Invalid country: Cook Islands,
	&lt;span style=&#039;color:red;&#039;&gt; Invalid country: Cote DIvoire,
	&lt;span style=&#039;color:red;&#039;&gt; Invalid country: Curacao,
	&lt;span style=&#039;color:red;&#039;&gt; Invalid country: Czech Republic,
	&lt;span style=&#039;color:red;&#039;&gt; Invalid country: East Timor,
	&lt;span style=&#039;color:red;&#039;&gt; Invalid country: Falkland Islands,
	&lt;span style=&#039;color:red;&#039;&gt; Invalid country: Faroe Islands,
	&lt;span style=&#039;color:red;&#039;&gt; Invalid country: French Guiana,
	&lt;span style=&#039;color:red;&#039;&gt; Invalid country: French Polynesia,
	&lt;span style=&#039;color:red;&#039;&gt; Invalid country: French Southern Ter,
	&lt;span style=&#039;color:red;&#039;&gt; Invalid country: Gibraltar,
	&lt;span style=&#039;color:red;&#039;&gt; Invalid country: Great Britain,
	&lt;span style=&#039;color:red;&#039;&gt; Invalid country: Greenland,
	&lt;span style=&#039;color:red;&#039;&gt; Invalid country: Guadeloupe,
	&lt;span style=&#039;color:red;&#039;&gt; Invalid country: Guam,
	&lt;span style=&#039;color:red;&#039;&gt; Invalid country: Hawaii,
	&lt;span style=&#039;color:red;&#039;&gt; Invalid country: Hong Kong,
	&lt;span style=&#039;color:red;&#039;&gt; Invalid country: Isle of Man,
	&lt;span style=&#039;color:red;&#039;&gt; Invalid country: Korea North,
	&lt;span style=&#039;color:red;&#039;&gt; Invalid country: Korea South,
	&lt;span style=&#039;color:red;&#039;&gt; Invalid country: Macau,
	&lt;span style=&#039;color:red;&#039;&gt; Invalid country: Macedonia,
	&lt;span style=&#039;color:red;&#039;&gt; Invalid country: Martinique,
	&lt;span style=&#039;color:red;&#039;&gt; Invalid country: Mayotte,
	&lt;span style=&#039;color:red;&#039;&gt; Invalid country: Midway Islands,
	&lt;span style=&#039;color:red;&#039;&gt; Invalid country: Montserrat,
	&lt;span style=&#039;color:red;&#039;&gt; Invalid country: Myanmar,
	&lt;span style=&#039;color:red;&#039;&gt; Invalid country: Nambia,
	&lt;span style=&#039;color:red;&#039;&gt; Invalid country: Netherland Antilles,
	&lt;span style=&#039;color:red;&#039;&gt; Invalid country: Netherlands (Holland, Europe),
	&lt;span style=&#039;color:red;&#039;&gt; Invalid country: Nevis,
	&lt;span style=&#039;color:red;&#039;&gt; Invalid country: New Caledonia,
	&lt;span style=&#039;color:red;&#039;&gt; Invalid country: Niue,
	&lt;span style=&#039;color:red;&#039;&gt; Invalid country: Norfolk Island,
	&lt;span style=&#039;color:red;&#039;&gt; Invalid country: Palau Island,
	&lt;span style=&#039;color:red;&#039;&gt; Invalid country: Palestine,
	&lt;span style=&#039;color:red;&#039;&gt; Invalid country: Pitcairn Island,
	&lt;span style=&#039;color:red;&#039;&gt; Invalid country: Puerto Rico,
	&lt;span style=&#039;color:red;&#039;&gt; Invalid country: Republic of Montenegro,
	&lt;span style=&#039;color:red;&#039;&gt; Invalid country: Republic of Serbia,
	&lt;span style=&#039;color:red;&#039;&gt; Invalid country: Reunion,
	&lt;span style=&#039;color:red;&#039;&gt; Invalid country: St Barthelemy,
	&lt;span style=&#039;color:red;&#039;&gt; Invalid country: St Eustatius,
	&lt;span style=&#039;color:red;&#039;&gt; Invalid country: St Helena,
	&lt;span style=&#039;color:red;&#039;&gt; Invalid country: St Kitts-Nevis,
	&lt;span style=&#039;color:red;&#039;&gt; Invalid country: St Lucia,
	&lt;span style=&#039;color:red;&#039;&gt; Invalid country: St Maarten,
	&lt;span style=&#039;color:red;&#039;&gt; Invalid country: St Pierre &amp; Miquelon,
	&lt;span style=&#039;color:red;&#039;&gt; Invalid country: St Vincent &amp; Grenadines,
	&lt;span style=&#039;color:red;&#039;&gt; Invalid country: Saipan,
	&lt;span style=&#039;color:red;&#039;&gt; Invalid country: Samoa American,
	&lt;span style=&#039;color:red;&#039;&gt; Invalid country: Sao Tome &amp; Principe,
	&lt;span style=&#039;color:red;&#039;&gt; Invalid country: Swaziland,
	&lt;span style=&#039;color:red;&#039;&gt; Invalid country: Tahiti,
	&lt;span style=&#039;color:red;&#039;&gt; Invalid country: Taiwan,
	&lt;span style=&#039;color:red;&#039;&gt; Invalid country: Tokelau,
	&lt;span style=&#039;color:red;&#039;&gt; Invalid country: Trinidad &amp; Tobago,
	&lt;span style=&#039;color:red;&#039;&gt; Invalid country: Turks &amp; Caicos Is,
	&lt;span style=&#039;color:red;&#039;&gt; Invalid country: Vatican City State,
	&lt;span style=&#039;color:red;&#039;&gt; Invalid country: Virgin Islands (Brit),
	&lt;span style=&#039;color:red;&#039;&gt; Invalid country: Virgin Islands (USA),
	&lt;span style=&#039;color:red;&#039;&gt; Invalid country: Wake Island,
	&lt;span style=&#039;color:red;&#039;&gt; Invalid country: Wallis &amp; Futana Is,
	&lt;span style=&#039;color:red;&#039;&gt; Invalid country: Zaire,
	Missing country: Antigua and Barbuda,
	Missing country: Bosnia and Herzegovina,
	Missing country: Cabo Verde,
	Missing country: Congo (Congo-Brazzaville),
	Missing country: Côte d&#039;Ivoire,
	Missing country: Czechia (Czech Republic),
	Missing country: Democratic Republic of the Congo,
	Missing country: Eswatini (fmr. &quot;&quot;Swaziland&quot;&quot;),
	Missing country: Guinea-Bissau,
	Missing country: Holy See,
	Missing country: Micronesia,
	Missing country: Montenegro,
	Missing country: Myanmar (formerly Burma),
	Missing country: Namibia,
	Missing country: Netherlands,
	Missing country: North Korea,
	Missing country: North Macedonia,
	Missing country: Palau,
	Missing country: Palestine State,
	Missing country: Saint Kitts and Nevis,
	Missing country: Saint Lucia,
	Missing country: Saint Vincent and the Grenadines,
	Missing country: Sao Tome and Principe,
	Missing country: Serbia,
	Missing country: South Korea,
	Missing country: South Sudan,
	Missing country: Timor-Leste,
	Missing country: Trinidad and Tobago" type="java.lang.AssertionError">
      <![CDATA[java.lang.AssertionError: The following asserts failed:
<span style='color:red;'> Invalid country: American Samoa,
<span style='color:red;'> Invalid country: Anguilla,
<span style='color:red;'> Invalid country: Antigua & Barbuda,
<span style='color:red;'> Invalid country: Aruba,
<span style='color:red;'> Invalid country: Bermuda,
<span style='color:red;'> Invalid country: Bonaire,
<span style='color:red;'> Invalid country: Bosnia & Herzegovina,
<span style='color:red;'> Invalid country: British Indian Ocean Ter,
<span style='color:red;'> Invalid country: Canary Islands,
<span style='color:red;'> Invalid country: Cape Verde,
<span style='color:red;'> Invalid country: Cayman Islands,
<span style='color:red;'> Invalid country: Channel Islands,
<span style='color:red;'> Invalid country: Christmas Island,
<span style='color:red;'> Invalid country: Cocos Island,
<span style='color:red;'> Invalid country: Congo,
<span style='color:red;'> Invalid country: Cook Islands,
<span style='color:red;'> Invalid country: Cote DIvoire,
<span style='color:red;'> Invalid country: Curacao,
<span style='color:red;'> Invalid country: Czech Republic,
<span style='color:red;'> Invalid country: East Timor,
<span style='color:red;'> Invalid country: Falkland Islands,
<span style='color:red;'> Invalid country: Faroe Islands,
<span style='color:red;'> Invalid country: French Guiana,
<span style='color:red;'> Invalid country: French Polynesia,
<span style='color:red;'> Invalid country: French Southern Ter,
<span style='color:red;'> Invalid country: Gibraltar,
<span style='color:red;'> Invalid country: Great Britain,
<span style='color:red;'> Invalid country: Greenland,
<span style='color:red;'> Invalid country: Guadeloupe,
<span style='color:red;'> Invalid country: Guam,
<span style='color:red;'> Invalid country: Hawaii,
<span style='color:red;'> Invalid country: Hong Kong,
<span style='color:red;'> Invalid country: Isle of Man,
<span style='color:red;'> Invalid country: Korea North,
<span style='color:red;'> Invalid country: Korea South,
<span style='color:red;'> Invalid country: Macau,
<span style='color:red;'> Invalid country: Macedonia,
<span style='color:red;'> Invalid country: Martinique,
<span style='color:red;'> Invalid country: Mayotte,
<span style='color:red;'> Invalid country: Midway Islands,
<span style='color:red;'> Invalid country: Montserrat,
<span style='color:red;'> Invalid country: Myanmar,
<span style='color:red;'> Invalid country: Nambia,
<span style='color:red;'> Invalid country: Netherland Antilles,
<span style='color:red;'> Invalid country: Netherlands (Holland, Europe),
<span style='color:red;'> Invalid country: Nevis,
<span style='color:red;'> Invalid country: New Caledonia,
<span style='color:red;'> Invalid country: Niue,
<span style='color:red;'> Invalid country: Norfolk Island,
<span style='color:red;'> Invalid country: Palau Island,
<span style='color:red;'> Invalid country: Palestine,
<span style='color:red;'> Invalid country: Pitcairn Island,
<span style='color:red;'> Invalid country: Puerto Rico,
<span style='color:red;'> Invalid country: Republic of Montenegro,
<span style='color:red;'> Invalid country: Republic of Serbia,
<span style='color:red;'> Invalid country: Reunion,
<span style='color:red;'> Invalid country: St Barthelemy,
<span style='color:red;'> Invalid country: St Eustatius,
<span style='color:red;'> Invalid country: St Helena,
<span style='color:red;'> Invalid country: St Kitts-Nevis,
<span style='color:red;'> Invalid country: St Lucia,
<span style='color:red;'> Invalid country: St Maarten,
<span style='color:red;'> Invalid country: St Pierre & Miquelon,
<span style='color:red;'> Invalid country: St Vincent & Grenadines,
<span style='color:red;'> Invalid country: Saipan,
<span style='color:red;'> Invalid country: Samoa American,
<span style='color:red;'> Invalid country: Sao Tome & Principe,
<span style='color:red;'> Invalid country: Swaziland,
<span style='color:red;'> Invalid country: Tahiti,
<span style='color:red;'> Invalid country: Taiwan,
<span style='color:red;'> Invalid country: Tokelau,
<span style='color:red;'> Invalid country: Trinidad & Tobago,
<span style='color:red;'> Invalid country: Turks & Caicos Is,
<span style='color:red;'> Invalid country: Vatican City State,
<span style='color:red;'> Invalid country: Virgin Islands (Brit),
<span style='color:red;'> Invalid country: Virgin Islands (USA),
<span style='color:red;'> Invalid country: Wake Island,
<span style='color:red;'> Invalid country: Wallis & Futana Is,
<span style='color:red;'> Invalid country: Zaire,
Missing country: Antigua and Barbuda,
Missing country: Bosnia and Herzegovina,
Missing country: Cabo Verde,
Missing country: Congo (Congo-Brazzaville),
Missing country: Côte d'Ivoire,
Missing country: Czechia (Czech Republic),
Missing country: Democratic Republic of the Congo,
Missing country: Eswatini (fmr. ""Swaziland""),
Missing country: Guinea-Bissau,
Missing country: Holy See,
Missing country: Micronesia,
Missing country: Montenegro,
Missing country: Myanmar (formerly Burma),
Missing country: Namibia,
Missing country: Netherlands,
Missing country: North Korea,
Missing country: North Macedonia,
Missing country: Palau,
Missing country: Palestine State,
Missing country: Saint Kitts and Nevis,
Missing country: Saint Lucia,
Missing country: Saint Vincent and the Grenadines,
Missing country: Sao Tome and Principe,
Missing country: Serbia,
Missing country: South Korea,
Missing country: South Sudan,
Missing country: Timor-Leste,
Missing country: Trinidad and Tobago
at org.testng.asserts.SoftAssert.assertAll(SoftAssert.java:46)
at org.testng.asserts.SoftAssert.assertAll(SoftAssert.java:30)
at tests.DatacomBugsFormTestCountry.testCountryDropdownOptions(DatacomBugsFormTestCountry.java:67)
at java.base/jdk.internal.reflect.DirectMethodHandleAccessor.invoke(DirectMethodHandleAccessor.java:103)
at java.base/java.lang.reflect.Method.invoke(Method.java:580)
at org.testng.internal.invokers.MethodInvocationHelper.invokeMethod(MethodInvocationHelper.java:141)
at org.testng.internal.invokers.TestInvoker.invokeMethod(TestInvoker.java:687)
at org.testng.internal.invokers.TestInvoker.invokeTestMethod(TestInvoker.java:230)
at org.testng.internal.invokers.MethodRunner.runInSequence(MethodRunner.java:63)
at org.testng.internal.invokers.TestInvoker$MethodInvocationAgent.invoke(TestInvoker.java:995)
at org.testng.internal.invokers.TestInvoker.invokeTestMethods(TestInvoker.java:203)
at org.testng.internal.invokers.TestMethodWorker.invokeTestMethods(TestMethodWorker.java:154)
at org.testng.internal.invokers.TestMethodWorker.run(TestMethodWorker.java:134)
at java.base/java.util.concurrent.Executors$RunnableAdapter.call(Executors.java:572)
at java.base/java.util.concurrent.FutureTask.run(FutureTask.java:317)
at org.testng.internal.thread.graph.TestNGFutureTask.run(TestNGFutureTask.java:22)
at java.base/java.util.concurrent.ThreadPoolExecutor.runWorker(ThreadPoolExecutor.java:1144)
at java.base/java.util.concurrent.ThreadPoolExecutor$Worker.run(ThreadPoolExecutor.java:642)
at java.base/java.lang.Thread.run(Thread.java:1583)
]]>
    </failure>
  </testcase> <!-- testCountryDropdownOptions -->
</testsuite> <!-- tests.DatacomBugsFormTestCountry -->
