<?xml version="1.0" encoding="UTF-8"?>
<!-- Generated by org.testng.reporters.JUnitReportReporter -->
<testsuite hostname="IAmTheKing" failures="3" tests="3" name="tests.DatacomBugsFormTestEmail" time="29.416" errors="0" timestamp="2025-09-27T19:38:20 PST" skipped="0">
  <testcase classname="tests.DatacomBugsFormTestEmail" name="testValidInputEmail" time="14.548">
    <failure message="The following asserts failed:
	expected [Monkey] but found [Monke],
	expected [1234567890] but found [1234567891]" type="java.lang.AssertionError">
      <![CDATA[java.lang.AssertionError: The following asserts failed:
expected [Monkey] but found [Monke],
expected [1234567890] but found [1234567891]
at org.testng.asserts.SoftAssert.assertAll(SoftAssert.java:46)
at org.testng.asserts.SoftAssert.assertAll(SoftAssert.java:30)
at tests.DatacomBugsFormTestEmail.runEmailTest(DatacomBugsFormTestEmail.java:66)
at tests.DatacomBugsFormTestEmail.testValidInputEmail(DatacomBugsFormTestEmail.java:33)
at java.base/jdk.internal.reflect.DirectMethodHandleAccessor.invoke(DirectMethodHandleAccessor.java:103)
at java.base/java.lang.reflect.Method.invoke(Method.java:580)
at org.testng.internal.invokers.MethodInvocationHelper.invokeMethod(MethodInvocationHelper.java:141)
at org.testng.internal.invokers.TestInvoker.invokeMethod(TestInvoker.java:687)
at org.testng.internal.invokers.TestInvoker.invokeTestMethod(TestInvoker.java:230)
at org.testng.internal.invokers.TestMethodWithDataProviderMethodWorker.call(TestMethodWithDataProviderMethodWorker.java:81)
at org.testng.internal.thread.Async$AsyncTask.run(Async.java:34)
at java.base/java.util.concurrent.ThreadPoolExecutor.runWorker(ThreadPoolExecutor.java:1144)
at java.base/java.util.concurrent.ThreadPoolExecutor$Worker.run(ThreadPoolExecutor.java:642)
at java.base/java.lang.Thread.run(Thread.java:1583)
]]>
    </failure>
  </testcase> <!-- testValidInputEmail -->
  <testcase classname="tests.DatacomBugsFormTestEmail" name="testEmptyInputEmail" time="7.691">
    <failure message="The following asserts failed:
	Expected actual to contain: Unsuccessful  - Email field should not be empty since its marked as mandatory field(*)  but was: Successfully registered the following information expected [true] but found [false],
	expected [Monkey] but found [Monke],
	expected [1234567890] but found [1234567891]" type="java.lang.AssertionError">
      <![CDATA[java.lang.AssertionError: The following asserts failed:
Expected actual to contain: Unsuccessful  - Email field should not be empty since its marked as mandatory field(*)  but was: Successfully registered the following information expected [true] but found [false],
expected [Monkey] but found [Monke],
expected [1234567890] but found [1234567891]
at org.testng.asserts.SoftAssert.assertAll(SoftAssert.java:46)
at org.testng.asserts.SoftAssert.assertAll(SoftAssert.java:30)
at tests.DatacomBugsFormTestEmail.runEmailTest(DatacomBugsFormTestEmail.java:66)
at tests.DatacomBugsFormTestEmail.testEmptyInputEmail(DatacomBugsFormTestEmail.java:44)
at java.base/jdk.internal.reflect.DirectMethodHandleAccessor.invoke(DirectMethodHandleAccessor.java:103)
at java.base/java.lang.reflect.Method.invoke(Method.java:580)
at org.testng.internal.invokers.MethodInvocationHelper.invokeMethod(MethodInvocationHelper.java:141)
at org.testng.internal.invokers.TestInvoker.invokeMethod(TestInvoker.java:687)
at org.testng.internal.invokers.TestInvoker.invokeTestMethod(TestInvoker.java:230)
at org.testng.internal.invokers.TestMethodWithDataProviderMethodWorker.call(TestMethodWithDataProviderMethodWorker.java:81)
at org.testng.internal.thread.Async$AsyncTask.run(Async.java:34)
at java.base/java.util.concurrent.ThreadPoolExecutor.runWorker(ThreadPoolExecutor.java:1144)
at java.base/java.util.concurrent.ThreadPoolExecutor$Worker.run(ThreadPoolExecutor.java:642)
at java.base/java.lang.Thread.run(Thread.java:1583)
]]>
    </failure>
  </testcase> <!-- testEmptyInputEmail -->
  <testcase classname="tests.DatacomBugsFormTestEmail" name="testInvalidInputEmail" time="7.177">
    <failure message="The following asserts failed:
	Expected actual to contain: Unsuccessful  - Email field should only accept input value with @ and &#039;.&#039; format  but was: Successfully registered the following information expected [true] but found [false],
	expected [Monkey] but found [Monke],
	expected [1234567890] but found [1234567891]" type="java.lang.AssertionError">
      <![CDATA[java.lang.AssertionError: The following asserts failed:
Expected actual to contain: Unsuccessful  - Email field should only accept input value with @ and '.' format  but was: Successfully registered the following information expected [true] but found [false],
expected [Monkey] but found [Monke],
expected [1234567890] but found [1234567891]
at org.testng.asserts.SoftAssert.assertAll(SoftAssert.java:46)
at org.testng.asserts.SoftAssert.assertAll(SoftAssert.java:30)
at tests.DatacomBugsFormTestEmail.runEmailTest(DatacomBugsFormTestEmail.java:66)
at tests.DatacomBugsFormTestEmail.testInvalidInputEmail(DatacomBugsFormTestEmail.java:38)
at java.base/jdk.internal.reflect.DirectMethodHandleAccessor.invoke(DirectMethodHandleAccessor.java:103)
at java.base/java.lang.reflect.Method.invoke(Method.java:580)
at org.testng.internal.invokers.MethodInvocationHelper.invokeMethod(MethodInvocationHelper.java:141)
at org.testng.internal.invokers.TestInvoker.invokeMethod(TestInvoker.java:687)
at org.testng.internal.invokers.TestInvoker.invokeTestMethod(TestInvoker.java:230)
at org.testng.internal.invokers.TestMethodWithDataProviderMethodWorker.call(TestMethodWithDataProviderMethodWorker.java:81)
at org.testng.internal.thread.Async$AsyncTask.run(Async.java:34)
at java.base/java.util.concurrent.ThreadPoolExecutor.runWorker(ThreadPoolExecutor.java:1144)
at java.base/java.util.concurrent.ThreadPoolExecutor$Worker.run(ThreadPoolExecutor.java:642)
at java.base/java.lang.Thread.run(Thread.java:1583)
]]>
    </failure>
  </testcase> <!-- testInvalidInputEmail -->
</testsuite> <!-- tests.DatacomBugsFormTestEmail -->
