<?xml version="1.0" encoding="UTF-8"?>
<!-- Generated by org.testng.reporters.JUnitReportReporter -->
<testsuite hostname="IAmTheKing" failures="1" tests="4" name="tests.DatacomBugsFormTestPassword" time="36.504" errors="0" timestamp="2025-09-27T19:38:20 PST" skipped="0">
  <testcase classname="tests.DatacomBugsFormTestPassword" name="testLessMinimumInputPassword" time="14.974"/>
  <testcase classname="tests.DatacomBugsFormTestPassword" name="testValidInputPassword" time="5.674">
    <failure message="The following asserts failed:
	expected [Monkey] but found [Monke],
	expected [1234567890] but found [1234567891]" type="java.lang.AssertionError">
      <![CDATA[java.lang.AssertionError: The following asserts failed:
expected [Monkey] but found [Monke],
expected [1234567890] but found [1234567891]
at org.testng.asserts.SoftAssert.assertAll(SoftAssert.java:46)
at org.testng.asserts.SoftAssert.assertAll(SoftAssert.java:30)
at tests.DatacomBugsFormTestPassword.runPasswordTest(DatacomBugsFormTestPassword.java:70)
at tests.DatacomBugsFormTestPassword.testValidInputPassword(DatacomBugsFormTestPassword.java:33)
at java.base/jdk.internal.reflect.DirectMethodHandleAccessor.invoke(DirectMethodHandleAccessor.java:103)
at java.base/java.lang.reflect.Method.invoke(Method.java:580)
at org.testng.internal.invokers.MethodInvocationHelper.invokeMethod(MethodInvocationHelper.java:141)
at org.testng.internal.invokers.TestInvoker.invokeMethod(TestInvoker.java:687)
at org.testng.internal.invokers.TestInvoker.invokeTestMethod(TestInvoker.java:230)
at org.testng.internal.invokers.TestMethodWithDataProviderMethodWorker.call(TestMethodWithDataProviderMethodWorker.java:81)
at org.testng.internal.thread.Async$AsyncTask.run(Async.java:34)
at java.base/java.util.concurrent.ThreadPoolExecutor.runWorker(ThreadPoolExecutor.java:1144)
at java.base/java.util.concurrent.ThreadPoolExecutor$Worker.run(ThreadPoolExecutor.java:642)
at java.base/java.lang.Thread.run(Thread.java:1583)
]]>
    </failure>
  </testcase> <!-- testValidInputPassword -->
  <testcase classname="tests.DatacomBugsFormTestPassword" name="testMoreThanMaxInputPassword" time="7.950"/>
  <testcase classname="tests.DatacomBugsFormTestPassword" name="testEmptyInputPassword" time="7.906"/>
</testsuite> <!-- tests.DatacomBugsFormTestPassword -->
